[2023-03-11 06:33:36] production.ERROR: exception 'ErrorException' with message 'Undefined variable: name' in C:\xampp\htdocs\maths-iitm\dptcms_base\app\storage\views\d71a1838e9b5afda2a5d3d6c126ad554:12
Stack trace:
#0 C:\xampp\htdocs\maths-iitm\dptcms_base\app\storage\views\d71a1838e9b5afda2a5d3d6c126ad554(12): Illuminate\Exception\Handler->handleError(8, 'Undefined varia...', 'C:\\xampp\\htdocs...', 12, Array)
#1 C:\xampp\htdocs\maths-iitm\dptcms_base\vendor\laravel\framework\src\Illuminate\View\Engines\PhpEngine.php(37): include('C:\\xampp\\htdocs...')
#2 C:\xampp\htdocs\maths-iitm\dptcms_base\vendor\laravel\framework\src\Illuminate\View\Engines\CompilerEngine.php(57): Illuminate\View\Engines\PhpEngine->evaluatePath('C:\\xampp\\htdocs...', Array)
#3 C:\xampp\htdocs\maths-iitm\dptcms_base\vendor\laravel\framework\src\Illuminate\View\View.php(140): Illuminate\View\Engines\CompilerEngine->get('C:\\xampp\\htdocs...', Array)
#4 C:\xampp\htdocs\maths-iitm\dptcms_base\vendor\laravel\framework\src\Illuminate\View\View.php(109): Illuminate\View\View->getContents()
#5 C:\xampp\htdocs\maths-iitm\dptcms_base\vendor\laravel\framework\src\Illuminate\View\View.php(78): Illuminate\View\View->renderContents()
#6 C:\xampp\htdocs\maths-iitm\dptcms_base\vendor\laravel\framework\src\Illuminate\Http\Response.php(43): Illuminate\View\View->render()
#7 C:\xampp\htdocs\maths-iitm\dptcms_base\vendor\symfony\http-foundation\Response.php(202): Illuminate\Http\Response->setContent(Object(Illuminate\View\View))
#8 C:\xampp\htdocs\maths-iitm\dptcms_base\vendor\laravel\framework\src\Illuminate\Routing\Router.php(1501): Symfony\Component\HttpFoundation\Response->__construct(Object(Illuminate\View\View))
#9 C:\xampp\htdocs\maths-iitm\dptcms_base\vendor\laravel\framework\src\Illuminate\Routing\Router.php(1036): Illuminate\Routing\Router->prepareResponse(Object(Illuminate\Http\Request), Object(Illuminate\View\View))
#10 C:\xampp\htdocs\maths-iitm\dptcms_base\vendor\laravel\framework\src\Illuminate\Routing\Router.php(1001): Illuminate\Routing\Router->dispatchToRoute(Object(Illuminate\Http\Request))
#11 C:\xampp\htdocs\maths-iitm\dptcms_base\vendor\laravel\framework\src\Illuminate\Foundation\Application.php(781): Illuminate\Routing\Router->dispatch(Object(Illuminate\Http\Request))
#12 C:\xampp\htdocs\maths-iitm\dptcms_base\vendor\laravel\framework\src\Illuminate\Foundation\Application.php(745): Illuminate\Foundation\Application->dispatch(Object(Illuminate\Http\Request))
#13 C:\xampp\htdocs\maths-iitm\dptcms_base\vendor\laravel\framework\src\Illuminate\Session\Middleware.php(72): Illuminate\Foundation\Application->handle(Object(Illuminate\Http\Request), 1, true)
#14 C:\xampp\htdocs\maths-iitm\dptcms_base\vendor\laravel\framework\src\Illuminate\Cookie\Queue.php(47): Illuminate\Session\Middleware->handle(Object(Illuminate\Http\Request), 1, true)
#15 C:\xampp\htdocs\maths-iitm\dptcms_base\vendor\laravel\framework\src\Illuminate\Cookie\Guard.php(51): Illuminate\Cookie\Queue->handle(Object(Illuminate\Http\Request), 1, true)
#16 C:\xampp\htdocs\maths-iitm\dptcms_base\vendor\stack\builder\src\Stack\StackedHttpKernel.php(23): Illuminate\Cookie\Guard->handle(Object(Illuminate\Http\Request), 1, true)
#17 C:\xampp\htdocs\maths-iitm\dptcms_base\vendor\laravel\framework\src\Illuminate\Foundation\Application.php(641): Stack\StackedHttpKernel->handle(Object(Illuminate\Http\Request))
#18 C:\xampp\htdocs\maths-iitm\index.php(49): Illuminate\Foundation\Application->run()
#19 {main}

Next exception 'ErrorException' with message 'Undefined variable: name (View: C:\xampp\htdocs\maths-iitm\dptcms_base\app\views\welcome.blade.php)' in C:\xampp\htdocs\maths-iitm\dptcms_base\app\storage\views\d71a1838e9b5afda2a5d3d6c126ad554:12
Stack trace:
#0 C:\xampp\htdocs\maths-iitm\dptcms_base\vendor\laravel\framework\src\Illuminate\View\Engines\PhpEngine.php(41): Illuminate\View\Engines\CompilerEngine->handleViewException(Object(ErrorException), 1)
#1 C:\xampp\htdocs\maths-iitm\dptcms_base\vendor\laravel\framework\src\Illuminate\View\Engines\CompilerEngine.php(57): Illuminate\View\Engines\PhpEngine->evaluatePath('C:\\xampp\\htdocs...', Array)
#2 C:\xampp\htdocs\maths-iitm\dptcms_base\vendor\laravel\framework\src\Illuminate\View\View.php(140): Illuminate\View\Engines\CompilerEngine->get('C:\\xampp\\htdocs...', Array)
#3 C:\xampp\htdocs\maths-iitm\dptcms_base\vendor\laravel\framework\src\Illuminate\View\View.php(109): Illuminate\View\View->getContents()
#4 C:\xampp\htdocs\maths-iitm\dptcms_base\vendor\laravel\framework\src\Illuminate\View\View.php(78): Illuminate\View\View->renderContents()
#5 C:\xampp\htdocs\maths-iitm\dptcms_base\vendor\laravel\framework\src\Illuminate\Http\Response.php(43): Illuminate\View\View->render()
#6 C:\xampp\htdocs\maths-iitm\dptcms_base\vendor\symfony\http-foundation\Response.php(202): Illuminate\Http\Response->setContent(Object(Illuminate\View\View))
#7 C:\xampp\htdocs\maths-iitm\dptcms_base\vendor\laravel\framework\src\Illuminate\Routing\Router.php(1501): Symfony\Component\HttpFoundation\Response->__construct(Object(Illuminate\View\View))
#8 C:\xampp\htdocs\maths-iitm\dptcms_base\vendor\laravel\framework\src\Illuminate\Routing\Router.php(1036): Illuminate\Routing\Router->prepareResponse(Object(Illuminate\Http\Request), Object(Illuminate\View\View))
#9 C:\xampp\htdocs\maths-iitm\dptcms_base\vendor\laravel\framework\src\Illuminate\Routing\Router.php(1001): Illuminate\Routing\Router->dispatchToRoute(Object(Illuminate\Http\Request))
#10 C:\xampp\htdocs\maths-iitm\dptcms_base\vendor\laravel\framework\src\Illuminate\Foundation\Application.php(781): Illuminate\Routing\Router->dispatch(Object(Illuminate\Http\Request))
#11 C:\xampp\htdocs\maths-iitm\dptcms_base\vendor\laravel\framework\src\Illuminate\Foundation\Application.php(745): Illuminate\Foundation\Application->dispatch(Object(Illuminate\Http\Request))
#12 C:\xampp\htdocs\maths-iitm\dptcms_base\vendor\laravel\framework\src\Illuminate\Session\Middleware.php(72): Illuminate\Foundation\Application->handle(Object(Illuminate\Http\Request), 1, true)
#13 C:\xampp\htdocs\maths-iitm\dptcms_base\vendor\laravel\framework\src\Illuminate\Cookie\Queue.php(47): Illuminate\Session\Middleware->handle(Object(Illuminate\Http\Request), 1, true)
#14 C:\xampp\htdocs\maths-iitm\dptcms_base\vendor\laravel\framework\src\Illuminate\Cookie\Guard.php(51): Illuminate\Cookie\Queue->handle(Object(Illuminate\Http\Request), 1, true)
#15 C:\xampp\htdocs\maths-iitm\dptcms_base\vendor\stack\builder\src\Stack\StackedHttpKernel.php(23): Illuminate\Cookie\Guard->handle(Object(Illuminate\Http\Request), 1, true)
#16 C:\xampp\htdocs\maths-iitm\dptcms_base\vendor\laravel\framework\src\Illuminate\Foundation\Application.php(641): Stack\StackedHttpKernel->handle(Object(Illuminate\Http\Request))
#17 C:\xampp\htdocs\maths-iitm\index.php(49): Illuminate\Foundation\Application->run()
#18 {main} [] []
