[2018-07-13 04:37:18] production.ERROR: exception 'Symfony\Component\Debug\Exception\FatalErrorException' with message 'syntax error, unexpected '=', expecting variable (T_VARIABLE) or '$'' in /wxt/websites/math/test/dptcms_base/app/storage/views/e6567bc079de1d7cc1b73a9d60c8d9de:226
Stack trace:
#0 [internal function]: Illuminate\Exception\Handler->handleShutdown()
#1 {main} [] []
[2018-07-13 06:49:08] production.ERROR: exception 'ErrorException' with message 'Undefined offset: 0' in /wxt/websites/math/test/dptcms_base/vendor/laravel/framework/src/Illuminate/Support/Collection.php:788
Stack trace:
#0 /wxt/websites/math/test/dptcms_base/vendor/laravel/framework/src/Illuminate/Support/Collection.php(788): Illuminate\Exception\Handler->handleError(8, 'Undefined offse...', '/wxt/websites/m...', 788, Array)
#1 /wxt/websites/math/test/dptcms_base/app/controllers/HomeController.php(284): Illuminate\Support\Collection->offsetGet(0)
#2 [internal function]: HomeController->authenticateUser()
#3 /wxt/websites/math/test/dptcms_base/vendor/laravel/framework/src/Illuminate/Routing/Controller.php(231): call_user_func_array(Array, Array)
#4 /wxt/websites/math/test/dptcms_base/vendor/laravel/framework/src/Illuminate/Routing/ControllerDispatcher.php(93): Illuminate\Routing\Controller->callAction('authenticateUse...', Array)
#5 /wxt/websites/math/test/dptcms_base/vendor/laravel/framework/src/Illuminate/Routing/ControllerDispatcher.php(62): Illuminate\Routing\ControllerDispatcher->call(Object(HomeController), Object(Illuminate\Routing\Route), 'authenticateUse...')
#6 /wxt/websites/math/test/dptcms_base/vendor/laravel/framework/src/Illuminate/Routing/Router.php(967): Illuminate\Routing\ControllerDispatcher->dispatch(Object(Illuminate\Routing\Route), Object(Illuminate\Http\Request), 'HomeController', 'authenticateUse...')
#7 [internal function]: Illuminate\Routing\Router->Illuminate\Routing\{closure}()
#8 /wxt/websites/math/test/dptcms_base/vendor/laravel/framework/src/Illuminate/Routing/Route.php(109): call_user_func_array(Object(Closure), Array)
#9 /wxt/websites/math/test/dptcms_base/vendor/laravel/framework/src/Illuminate/Routing/Router.php(1033): Illuminate\Routing\Route->run(Object(Illuminate\Http\Request))
#10 /wxt/websites/math/test/dptcms_base/vendor/laravel/framework/src/Illuminate/Routing/Router.php(1001): Illuminate\Routing\Router->dispatchToRoute(Object(Illuminate\Http\Request))
#11 /wxt/websites/math/test/dptcms_base/vendor/laravel/framework/src/Illuminate/Foundation/Application.php(781): Illuminate\Routing\Router->dispatch(Object(Illuminate\Http\Request))
#12 /wxt/websites/math/test/dptcms_base/vendor/laravel/framework/src/Illuminate/Foundation/Application.php(745): Illuminate\Foundation\Application->dispatch(Object(Illuminate\Http\Request))
#13 /wxt/websites/math/test/dptcms_base/vendor/laravel/framework/src/Illuminate/Session/Middleware.php(72): Illuminate\Foundation\Application->handle(Object(Illuminate\Http\Request), 1, true)
#14 /wxt/websites/math/test/dptcms_base/vendor/laravel/framework/src/Illuminate/Cookie/Queue.php(47): Illuminate\Session\Middleware->handle(Object(Illuminate\Http\Request), 1, true)
#15 /wxt/websites/math/test/dptcms_base/vendor/laravel/framework/src/Illuminate/Cookie/Guard.php(51): Illuminate\Cookie\Queue->handle(Object(Illuminate\Http\Request), 1, true)
#16 /wxt/websites/math/test/dptcms_base/vendor/stack/builder/src/Stack/StackedHttpKernel.php(23): Illuminate\Cookie\Guard->handle(Object(Illuminate\Http\Request), 1, true)
#17 /wxt/websites/math/test/dptcms_base/vendor/laravel/framework/src/Illuminate/Foundation/Application.php(641): Stack\StackedHttpKernel->handle(Object(Illuminate\Http\Request))
#18 /wxt/websites/math/test/index.php(49): Illuminate\Foundation\Application->run()
#19 {main} [] []
[2018-07-13 06:49:12] production.ERROR: exception 'ErrorException' with message 'Undefined offset: 0' in /wxt/websites/math/test/dptcms_base/vendor/laravel/framework/src/Illuminate/Support/Collection.php:788
Stack trace:
#0 /wxt/websites/math/test/dptcms_base/vendor/laravel/framework/src/Illuminate/Support/Collection.php(788): Illuminate\Exception\Handler->handleError(8, 'Undefined offse...', '/wxt/websites/m...', 788, Array)
#1 /wxt/websites/math/test/dptcms_base/app/controllers/HomeController.php(284): Illuminate\Support\Collection->offsetGet(0)
#2 [internal function]: HomeController->authenticateUser()
#3 /wxt/websites/math/test/dptcms_base/vendor/laravel/framework/src/Illuminate/Routing/Controller.php(231): call_user_func_array(Array, Array)
#4 /wxt/websites/math/test/dptcms_base/vendor/laravel/framework/src/Illuminate/Routing/ControllerDispatcher.php(93): Illuminate\Routing\Controller->callAction('authenticateUse...', Array)
#5 /wxt/websites/math/test/dptcms_base/vendor/laravel/framework/src/Illuminate/Routing/ControllerDispatcher.php(62): Illuminate\Routing\ControllerDispatcher->call(Object(HomeController), Object(Illuminate\Routing\Route), 'authenticateUse...')
#6 /wxt/websites/math/test/dptcms_base/vendor/laravel/framework/src/Illuminate/Routing/Router.php(967): Illuminate\Routing\ControllerDispatcher->dispatch(Object(Illuminate\Routing\Route), Object(Illuminate\Http\Request), 'HomeController', 'authenticateUse...')
#7 [internal function]: Illuminate\Routing\Router->Illuminate\Routing\{closure}()
#8 /wxt/websites/math/test/dptcms_base/vendor/laravel/framework/src/Illuminate/Routing/Route.php(109): call_user_func_array(Object(Closure), Array)
#9 /wxt/websites/math/test/dptcms_base/vendor/laravel/framework/src/Illuminate/Routing/Router.php(1033): Illuminate\Routing\Route->run(Object(Illuminate\Http\Request))
#10 /wxt/websites/math/test/dptcms_base/vendor/laravel/framework/src/Illuminate/Routing/Router.php(1001): Illuminate\Routing\Router->dispatchToRoute(Object(Illuminate\Http\Request))
#11 /wxt/websites/math/test/dptcms_base/vendor/laravel/framework/src/Illuminate/Foundation/Application.php(781): Illuminate\Routing\Router->dispatch(Object(Illuminate\Http\Request))
#12 /wxt/websites/math/test/dptcms_base/vendor/laravel/framework/src/Illuminate/Foundation/Application.php(745): Illuminate\Foundation\Application->dispatch(Object(Illuminate\Http\Request))
#13 /wxt/websites/math/test/dptcms_base/vendor/laravel/framework/src/Illuminate/Session/Middleware.php(72): Illuminate\Foundation\Application->handle(Object(Illuminate\Http\Request), 1, true)
#14 /wxt/websites/math/test/dptcms_base/vendor/laravel/framework/src/Illuminate/Cookie/Queue.php(47): Illuminate\Session\Middleware->handle(Object(Illuminate\Http\Request), 1, true)
#15 /wxt/websites/math/test/dptcms_base/vendor/laravel/framework/src/Illuminate/Cookie/Guard.php(51): Illuminate\Cookie\Queue->handle(Object(Illuminate\Http\Request), 1, true)
#16 /wxt/websites/math/test/dptcms_base/vendor/stack/builder/src/Stack/StackedHttpKernel.php(23): Illuminate\Cookie\Guard->handle(Object(Illuminate\Http\Request), 1, true)
#17 /wxt/websites/math/test/dptcms_base/vendor/laravel/framework/src/Illuminate/Foundation/Application.php(641): Stack\StackedHttpKernel->handle(Object(Illuminate\Http\Request))
#18 /wxt/websites/math/test/index.php(49): Illuminate\Foundation\Application->run()
#19 {main} [] []
[2018-07-13 06:49:18] production.ERROR: exception 'ErrorException' with message 'Undefined offset: 0' in /wxt/websites/math/test/dptcms_base/vendor/laravel/framework/src/Illuminate/Support/Collection.php:788
Stack trace:
#0 /wxt/websites/math/test/dptcms_base/vendor/laravel/framework/src/Illuminate/Support/Collection.php(788): Illuminate\Exception\Handler->handleError(8, 'Undefined offse...', '/wxt/websites/m...', 788, Array)
#1 /wxt/websites/math/test/dptcms_base/app/controllers/HomeController.php(284): Illuminate\Support\Collection->offsetGet(0)
#2 [internal function]: HomeController->authenticateUser()
#3 /wxt/websites/math/test/dptcms_base/vendor/laravel/framework/src/Illuminate/Routing/Controller.php(231): call_user_func_array(Array, Array)
#4 /wxt/websites/math/test/dptcms_base/vendor/laravel/framework/src/Illuminate/Routing/ControllerDispatcher.php(93): Illuminate\Routing\Controller->callAction('authenticateUse...', Array)
#5 /wxt/websites/math/test/dptcms_base/vendor/laravel/framework/src/Illuminate/Routing/ControllerDispatcher.php(62): Illuminate\Routing\ControllerDispatcher->call(Object(HomeController), Object(Illuminate\Routing\Route), 'authenticateUse...')
#6 /wxt/websites/math/test/dptcms_base/vendor/laravel/framework/src/Illuminate/Routing/Router.php(967): Illuminate\Routing\ControllerDispatcher->dispatch(Object(Illuminate\Routing\Route), Object(Illuminate\Http\Request), 'HomeController', 'authenticateUse...')
#7 [internal function]: Illuminate\Routing\Router->Illuminate\Routing\{closure}()
#8 /wxt/websites/math/test/dptcms_base/vendor/laravel/framework/src/Illuminate/Routing/Route.php(109): call_user_func_array(Object(Closure), Array)
#9 /wxt/websites/math/test/dptcms_base/vendor/laravel/framework/src/Illuminate/Routing/Router.php(1033): Illuminate\Routing\Route->run(Object(Illuminate\Http\Request))
#10 /wxt/websites/math/test/dptcms_base/vendor/laravel/framework/src/Illuminate/Routing/Router.php(1001): Illuminate\Routing\Router->dispatchToRoute(Object(Illuminate\Http\Request))
#11 /wxt/websites/math/test/dptcms_base/vendor/laravel/framework/src/Illuminate/Foundation/Application.php(781): Illuminate\Routing\Router->dispatch(Object(Illuminate\Http\Request))
#12 /wxt/websites/math/test/dptcms_base/vendor/laravel/framework/src/Illuminate/Foundation/Application.php(745): Illuminate\Foundation\Application->dispatch(Object(Illuminate\Http\Request))
#13 /wxt/websites/math/test/dptcms_base/vendor/laravel/framework/src/Illuminate/Session/Middleware.php(72): Illuminate\Foundation\Application->handle(Object(Illuminate\Http\Request), 1, true)
#14 /wxt/websites/math/test/dptcms_base/vendor/laravel/framework/src/Illuminate/Cookie/Queue.php(47): Illuminate\Session\Middleware->handle(Object(Illuminate\Http\Request), 1, true)
#15 /wxt/websites/math/test/dptcms_base/vendor/laravel/framework/src/Illuminate/Cookie/Guard.php(51): Illuminate\Cookie\Queue->handle(Object(Illuminate\Http\Request), 1, true)
#16 /wxt/websites/math/test/dptcms_base/vendor/stack/builder/src/Stack/StackedHttpKernel.php(23): Illuminate\Cookie\Guard->handle(Object(Illuminate\Http\Request), 1, true)
#17 /wxt/websites/math/test/dptcms_base/vendor/laravel/framework/src/Illuminate/Foundation/Application.php(641): Stack\StackedHttpKernel->handle(Object(Illuminate\Http\Request))
#18 /wxt/websites/math/test/index.php(49): Illuminate\Foundation\Application->run()
#19 {main} [] []
[2018-07-13 06:49:25] production.ERROR: exception 'ErrorException' with message 'Undefined offset: 0' in /wxt/websites/math/test/dptcms_base/vendor/laravel/framework/src/Illuminate/Support/Collection.php:788
Stack trace:
#0 /wxt/websites/math/test/dptcms_base/vendor/laravel/framework/src/Illuminate/Support/Collection.php(788): Illuminate\Exception\Handler->handleError(8, 'Undefined offse...', '/wxt/websites/m...', 788, Array)
#1 /wxt/websites/math/test/dptcms_base/app/controllers/HomeController.php(284): Illuminate\Support\Collection->offsetGet(0)
#2 [internal function]: HomeController->authenticateUser()
#3 /wxt/websites/math/test/dptcms_base/vendor/laravel/framework/src/Illuminate/Routing/Controller.php(231): call_user_func_array(Array, Array)
#4 /wxt/websites/math/test/dptcms_base/vendor/laravel/framework/src/Illuminate/Routing/ControllerDispatcher.php(93): Illuminate\Routing\Controller->callAction('authenticateUse...', Array)
#5 /wxt/websites/math/test/dptcms_base/vendor/laravel/framework/src/Illuminate/Routing/ControllerDispatcher.php(62): Illuminate\Routing\ControllerDispatcher->call(Object(HomeController), Object(Illuminate\Routing\Route), 'authenticateUse...')
#6 /wxt/websites/math/test/dptcms_base/vendor/laravel/framework/src/Illuminate/Routing/Router.php(967): Illuminate\Routing\ControllerDispatcher->dispatch(Object(Illuminate\Routing\Route), Object(Illuminate\Http\Request), 'HomeController', 'authenticateUse...')
#7 [internal function]: Illuminate\Routing\Router->Illuminate\Routing\{closure}()
#8 /wxt/websites/math/test/dptcms_base/vendor/laravel/framework/src/Illuminate/Routing/Route.php(109): call_user_func_array(Object(Closure), Array)
#9 /wxt/websites/math/test/dptcms_base/vendor/laravel/framework/src/Illuminate/Routing/Router.php(1033): Illuminate\Routing\Route->run(Object(Illuminate\Http\Request))
#10 /wxt/websites/math/test/dptcms_base/vendor/laravel/framework/src/Illuminate/Routing/Router.php(1001): Illuminate\Routing\Router->dispatchToRoute(Object(Illuminate\Http\Request))
#11 /wxt/websites/math/test/dptcms_base/vendor/laravel/framework/src/Illuminate/Foundation/Application.php(781): Illuminate\Routing\Router->dispatch(Object(Illuminate\Http\Request))
#12 /wxt/websites/math/test/dptcms_base/vendor/laravel/framework/src/Illuminate/Foundation/Application.php(745): Illuminate\Foundation\Application->dispatch(Object(Illuminate\Http\Request))
#13 /wxt/websites/math/test/dptcms_base/vendor/laravel/framework/src/Illuminate/Session/Middleware.php(72): Illuminate\Foundation\Application->handle(Object(Illuminate\Http\Request), 1, true)
#14 /wxt/websites/math/test/dptcms_base/vendor/laravel/framework/src/Illuminate/Cookie/Queue.php(47): Illuminate\Session\Middleware->handle(Object(Illuminate\Http\Request), 1, true)
#15 /wxt/websites/math/test/dptcms_base/vendor/laravel/framework/src/Illuminate/Cookie/Guard.php(51): Illuminate\Cookie\Queue->handle(Object(Illuminate\Http\Request), 1, true)
#16 /wxt/websites/math/test/dptcms_base/vendor/stack/builder/src/Stack/StackedHttpKernel.php(23): Illuminate\Cookie\Guard->handle(Object(Illuminate\Http\Request), 1, true)
#17 /wxt/websites/math/test/dptcms_base/vendor/laravel/framework/src/Illuminate/Foundation/Application.php(641): Stack\StackedHttpKernel->handle(Object(Illuminate\Http\Request))
#18 /wxt/websites/math/test/index.php(49): Illuminate\Foundation\Application->run()
#19 {main} [] []
[2018-07-13 15:50:10] production.ERROR: exception 'ErrorException' with message 'Undefined variable: geteventfortpe' in /wxt/websites/math/test/dptcms_base/app/storage/views/2b052d5a4f1e1b998ddb2f4ec51a2bc0:90
Stack trace:
#0 /wxt/websites/math/test/dptcms_base/app/storage/views/2b052d5a4f1e1b998ddb2f4ec51a2bc0(90): Illuminate\Exception\Handler->handleError(8, 'Undefined varia...', '/wxt/websites/m...', 90, Array)
#1 /wxt/websites/math/test/dptcms_base/vendor/laravel/framework/src/Illuminate/View/Engines/PhpEngine.php(37): include('/wxt/websites/m...')
#2 /wxt/websites/math/test/dptcms_base/vendor/laravel/framework/src/Illuminate/View/Engines/CompilerEngine.php(57): Illuminate\View\Engines\PhpEngine->evaluatePath('/wxt/websites/m...', Array)
#3 /wxt/websites/math/test/dptcms_base/vendor/laravel/framework/src/Illuminate/View/View.php(140): Illuminate\View\Engines\CompilerEngine->get('/wxt/websites/m...', Array)
#4 /wxt/websites/math/test/dptcms_base/vendor/laravel/framework/src/Illuminate/View/View.php(109): Illuminate\View\View->getContents()
#5 /wxt/websites/math/test/dptcms_base/vendor/laravel/framework/src/Illuminate/View/View.php(78): Illuminate\View\View->renderContents()
#6 /wxt/websites/math/test/dptcms_base/vendor/laravel/framework/src/Illuminate/Http/Response.php(43): Illuminate\View\View->render()
#7 /wxt/websites/math/test/dptcms_base/vendor/symfony/http-foundation/Response.php(202): Illuminate\Http\Response->setContent(Object(Illuminate\View\View))
#8 /wxt/websites/math/test/dptcms_base/vendor/laravel/framework/src/Illuminate/Routing/Router.php(1501): Symfony\Component\HttpFoundation\Response->__construct(Object(Illuminate\View\View))
#9 /wxt/websites/math/test/dptcms_base/vendor/laravel/framework/src/Illuminate/Routing/Router.php(1036): Illuminate\Routing\Router->prepareResponse(Object(Illuminate\Http\Request), Object(Illuminate\View\View))
#10 /wxt/websites/math/test/dptcms_base/vendor/laravel/framework/src/Illuminate/Routing/Router.php(1001): Illuminate\Routing\Router->dispatchToRoute(Object(Illuminate\Http\Request))
#11 /wxt/websites/math/test/dptcms_base/vendor/laravel/framework/src/Illuminate/Foundation/Application.php(781): Illuminate\Routing\Router->dispatch(Object(Illuminate\Http\Request))
#12 /wxt/websites/math/test/dptcms_base/vendor/laravel/framework/src/Illuminate/Foundation/Application.php(745): Illuminate\Foundation\Application->dispatch(Object(Illuminate\Http\Request))
#13 /wxt/websites/math/test/dptcms_base/vendor/laravel/framework/src/Illuminate/Session/Middleware.php(72): Illuminate\Foundation\Application->handle(Object(Illuminate\Http\Request), 1, true)
#14 /wxt/websites/math/test/dptcms_base/vendor/laravel/framework/src/Illuminate/Cookie/Queue.php(47): Illuminate\Session\Middleware->handle(Object(Illuminate\Http\Request), 1, true)
#15 /wxt/websites/math/test/dptcms_base/vendor/laravel/framework/src/Illuminate/Cookie/Guard.php(51): Illuminate\Cookie\Queue->handle(Object(Illuminate\Http\Request), 1, true)
#16 /wxt/websites/math/test/dptcms_base/vendor/stack/builder/src/Stack/StackedHttpKernel.php(23): Illuminate\Cookie\Guard->handle(Object(Illuminate\Http\Request), 1, true)
#17 /wxt/websites/math/test/dptcms_base/vendor/laravel/framework/src/Illuminate/Foundation/Application.php(641): Stack\StackedHttpKernel->handle(Object(Illuminate\Http\Request))
#18 /wxt/websites/math/test/index.php(49): Illuminate\Foundation\Application->run()
#19 {main}

Next exception 'ErrorException' with message 'Undefined variable: geteventfortpe (View: /wxt/websites/math/test/dptcms_base/app/views/event/view.blade.php)' in /wxt/websites/math/test/dptcms_base/app/storage/views/2b052d5a4f1e1b998ddb2f4ec51a2bc0:90
Stack trace:
#0 /wxt/websites/math/test/dptcms_base/vendor/laravel/framework/src/Illuminate/View/Engines/PhpEngine.php(41): Illuminate\View\Engines\CompilerEngine->handleViewException(Object(ErrorException), 1)
#1 /wxt/websites/math/test/dptcms_base/vendor/laravel/framework/src/Illuminate/View/Engines/CompilerEngine.php(57): Illuminate\View\Engines\PhpEngine->evaluatePath('/wxt/websites/m...', Array)
#2 /wxt/websites/math/test/dptcms_base/vendor/laravel/framework/src/Illuminate/View/View.php(140): Illuminate\View\Engines\CompilerEngine->get('/wxt/websites/m...', Array)
#3 /wxt/websites/math/test/dptcms_base/vendor/laravel/framework/src/Illuminate/View/View.php(109): Illuminate\View\View->getContents()
#4 /wxt/websites/math/test/dptcms_base/vendor/laravel/framework/src/Illuminate/View/View.php(78): Illuminate\View\View->renderContents()
#5 /wxt/websites/math/test/dptcms_base/vendor/laravel/framework/src/Illuminate/Http/Response.php(43): Illuminate\View\View->render()
#6 /wxt/websites/math/test/dptcms_base/vendor/symfony/http-foundation/Response.php(202): Illuminate\Http\Response->setContent(Object(Illuminate\View\View))
#7 /wxt/websites/math/test/dptcms_base/vendor/laravel/framework/src/Illuminate/Routing/Router.php(1501): Symfony\Component\HttpFoundation\Response->__construct(Object(Illuminate\View\View))
#8 /wxt/websites/math/test/dptcms_base/vendor/laravel/framework/src/Illuminate/Routing/Router.php(1036): Illuminate\Routing\Router->prepareResponse(Object(Illuminate\Http\Request), Object(Illuminate\View\View))
#9 /wxt/websites/math/test/dptcms_base/vendor/laravel/framework/src/Illuminate/Routing/Router.php(1001): Illuminate\Routing\Router->dispatchToRoute(Object(Illuminate\Http\Request))
#10 /wxt/websites/math/test/dptcms_base/vendor/laravel/framework/src/Illuminate/Foundation/Application.php(781): Illuminate\Routing\Router->dispatch(Object(Illuminate\Http\Request))
#11 /wxt/websites/math/test/dptcms_base/vendor/laravel/framework/src/Illuminate/Foundation/Application.php(745): Illuminate\Foundation\Application->dispatch(Object(Illuminate\Http\Request))
#12 /wxt/websites/math/test/dptcms_base/vendor/laravel/framework/src/Illuminate/Session/Middleware.php(72): Illuminate\Foundation\Application->handle(Object(Illuminate\Http\Request), 1, true)
#13 /wxt/websites/math/test/dptcms_base/vendor/laravel/framework/src/Illuminate/Cookie/Queue.php(47): Illuminate\Session\Middleware->handle(Object(Illuminate\Http\Request), 1, true)
#14 /wxt/websites/math/test/dptcms_base/vendor/laravel/framework/src/Illuminate/Cookie/Guard.php(51): Illuminate\Cookie\Queue->handle(Object(Illuminate\Http\Request), 1, true)
#15 /wxt/websites/math/test/dptcms_base/vendor/stack/builder/src/Stack/StackedHttpKernel.php(23): Illuminate\Cookie\Guard->handle(Object(Illuminate\Http\Request), 1, true)
#16 /wxt/websites/math/test/dptcms_base/vendor/laravel/framework/src/Illuminate/Foundation/Application.php(641): Stack\StackedHttpKernel->handle(Object(Illuminate\Http\Request))
#17 /wxt/websites/math/test/index.php(49): Illuminate\Foundation\Application->run()
#18 {main} [] []
[2018-07-13 15:58:43] production.ERROR: exception 'ErrorException' with message 'Undefined variable: geteventfortpe' in /wxt/websites/math/test/dptcms_base/app/storage/views/2b052d5a4f1e1b998ddb2f4ec51a2bc0:90
Stack trace:
#0 /wxt/websites/math/test/dptcms_base/app/storage/views/2b052d5a4f1e1b998ddb2f4ec51a2bc0(90): Illuminate\Exception\Handler->handleError(8, 'Undefined varia...', '/wxt/websites/m...', 90, Array)
#1 /wxt/websites/math/test/dptcms_base/vendor/laravel/framework/src/Illuminate/View/Engines/PhpEngine.php(37): include('/wxt/websites/m...')
#2 /wxt/websites/math/test/dptcms_base/vendor/laravel/framework/src/Illuminate/View/Engines/CompilerEngine.php(57): Illuminate\View\Engines\PhpEngine->evaluatePath('/wxt/websites/m...', Array)
#3 /wxt/websites/math/test/dptcms_base/vendor/laravel/framework/src/Illuminate/View/View.php(140): Illuminate\View\Engines\CompilerEngine->get('/wxt/websites/m...', Array)
#4 /wxt/websites/math/test/dptcms_base/vendor/laravel/framework/src/Illuminate/View/View.php(109): Illuminate\View\View->getContents()
#5 /wxt/websites/math/test/dptcms_base/vendor/laravel/framework/src/Illuminate/View/View.php(78): Illuminate\View\View->renderContents()
#6 /wxt/websites/math/test/dptcms_base/vendor/laravel/framework/src/Illuminate/Http/Response.php(43): Illuminate\View\View->render()
#7 /wxt/websites/math/test/dptcms_base/vendor/symfony/http-foundation/Response.php(202): Illuminate\Http\Response->setContent(Object(Illuminate\View\View))
#8 /wxt/websites/math/test/dptcms_base/vendor/laravel/framework/src/Illuminate/Routing/Router.php(1501): Symfony\Component\HttpFoundation\Response->__construct(Object(Illuminate\View\View))
#9 /wxt/websites/math/test/dptcms_base/vendor/laravel/framework/src/Illuminate/Routing/Router.php(1036): Illuminate\Routing\Router->prepareResponse(Object(Illuminate\Http\Request), Object(Illuminate\View\View))
#10 /wxt/websites/math/test/dptcms_base/vendor/laravel/framework/src/Illuminate/Routing/Router.php(1001): Illuminate\Routing\Router->dispatchToRoute(Object(Illuminate\Http\Request))
#11 /wxt/websites/math/test/dptcms_base/vendor/laravel/framework/src/Illuminate/Foundation/Application.php(781): Illuminate\Routing\Router->dispatch(Object(Illuminate\Http\Request))
#12 /wxt/websites/math/test/dptcms_base/vendor/laravel/framework/src/Illuminate/Foundation/Application.php(745): Illuminate\Foundation\Application->dispatch(Object(Illuminate\Http\Request))
#13 /wxt/websites/math/test/dptcms_base/vendor/laravel/framework/src/Illuminate/Session/Middleware.php(72): Illuminate\Foundation\Application->handle(Object(Illuminate\Http\Request), 1, true)
#14 /wxt/websites/math/test/dptcms_base/vendor/laravel/framework/src/Illuminate/Cookie/Queue.php(47): Illuminate\Session\Middleware->handle(Object(Illuminate\Http\Request), 1, true)
#15 /wxt/websites/math/test/dptcms_base/vendor/laravel/framework/src/Illuminate/Cookie/Guard.php(51): Illuminate\Cookie\Queue->handle(Object(Illuminate\Http\Request), 1, true)
#16 /wxt/websites/math/test/dptcms_base/vendor/stack/builder/src/Stack/StackedHttpKernel.php(23): Illuminate\Cookie\Guard->handle(Object(Illuminate\Http\Request), 1, true)
#17 /wxt/websites/math/test/dptcms_base/vendor/laravel/framework/src/Illuminate/Foundation/Application.php(641): Stack\StackedHttpKernel->handle(Object(Illuminate\Http\Request))
#18 /wxt/websites/math/test/index.php(49): Illuminate\Foundation\Application->run()
#19 {main}

Next exception 'ErrorException' with message 'Undefined variable: geteventfortpe (View: /wxt/websites/math/test/dptcms_base/app/views/event/view.blade.php)' in /wxt/websites/math/test/dptcms_base/app/storage/views/2b052d5a4f1e1b998ddb2f4ec51a2bc0:90
Stack trace:
#0 /wxt/websites/math/test/dptcms_base/vendor/laravel/framework/src/Illuminate/View/Engines/PhpEngine.php(41): Illuminate\View\Engines\CompilerEngine->handleViewException(Object(ErrorException), 1)
#1 /wxt/websites/math/test/dptcms_base/vendor/laravel/framework/src/Illuminate/View/Engines/CompilerEngine.php(57): Illuminate\View\Engines\PhpEngine->evaluatePath('/wxt/websites/m...', Array)
#2 /wxt/websites/math/test/dptcms_base/vendor/laravel/framework/src/Illuminate/View/View.php(140): Illuminate\View\Engines\CompilerEngine->get('/wxt/websites/m...', Array)
#3 /wxt/websites/math/test/dptcms_base/vendor/laravel/framework/src/Illuminate/View/View.php(109): Illuminate\View\View->getContents()
#4 /wxt/websites/math/test/dptcms_base/vendor/laravel/framework/src/Illuminate/View/View.php(78): Illuminate\View\View->renderContents()
#5 /wxt/websites/math/test/dptcms_base/vendor/laravel/framework/src/Illuminate/Http/Response.php(43): Illuminate\View\View->render()
#6 /wxt/websites/math/test/dptcms_base/vendor/symfony/http-foundation/Response.php(202): Illuminate\Http\Response->setContent(Object(Illuminate\View\View))
#7 /wxt/websites/math/test/dptcms_base/vendor/laravel/framework/src/Illuminate/Routing/Router.php(1501): Symfony\Component\HttpFoundation\Response->__construct(Object(Illuminate\View\View))
#8 /wxt/websites/math/test/dptcms_base/vendor/laravel/framework/src/Illuminate/Routing/Router.php(1036): Illuminate\Routing\Router->prepareResponse(Object(Illuminate\Http\Request), Object(Illuminate\View\View))
#9 /wxt/websites/math/test/dptcms_base/vendor/laravel/framework/src/Illuminate/Routing/Router.php(1001): Illuminate\Routing\Router->dispatchToRoute(Object(Illuminate\Http\Request))
#10 /wxt/websites/math/test/dptcms_base/vendor/laravel/framework/src/Illuminate/Foundation/Application.php(781): Illuminate\Routing\Router->dispatch(Object(Illuminate\Http\Request))
#11 /wxt/websites/math/test/dptcms_base/vendor/laravel/framework/src/Illuminate/Foundation/Application.php(745): Illuminate\Foundation\Application->dispatch(Object(Illuminate\Http\Request))
#12 /wxt/websites/math/test/dptcms_base/vendor/laravel/framework/src/Illuminate/Session/Middleware.php(72): Illuminate\Foundation\Application->handle(Object(Illuminate\Http\Request), 1, true)
#13 /wxt/websites/math/test/dptcms_base/vendor/laravel/framework/src/Illuminate/Cookie/Queue.php(47): Illuminate\Session\Middleware->handle(Object(Illuminate\Http\Request), 1, true)
#14 /wxt/websites/math/test/dptcms_base/vendor/laravel/framework/src/Illuminate/Cookie/Guard.php(51): Illuminate\Cookie\Queue->handle(Object(Illuminate\Http\Request), 1, true)
#15 /wxt/websites/math/test/dptcms_base/vendor/stack/builder/src/Stack/StackedHttpKernel.php(23): Illuminate\Cookie\Guard->handle(Object(Illuminate\Http\Request), 1, true)
#16 /wxt/websites/math/test/dptcms_base/vendor/laravel/framework/src/Illuminate/Foundation/Application.php(641): Stack\StackedHttpKernel->handle(Object(Illuminate\Http\Request))
#17 /wxt/websites/math/test/index.php(49): Illuminate\Foundation\Application->run()
#18 {main} [] []
[2018-07-13 15:58:46] production.ERROR: exception 'ErrorException' with message 'Undefined variable: geteventfortpe' in /wxt/websites/math/test/dptcms_base/app/storage/views/2b052d5a4f1e1b998ddb2f4ec51a2bc0:90
Stack trace:
#0 /wxt/websites/math/test/dptcms_base/app/storage/views/2b052d5a4f1e1b998ddb2f4ec51a2bc0(90): Illuminate\Exception\Handler->handleError(8, 'Undefined varia...', '/wxt/websites/m...', 90, Array)
#1 /wxt/websites/math/test/dptcms_base/vendor/laravel/framework/src/Illuminate/View/Engines/PhpEngine.php(37): include('/wxt/websites/m...')
#2 /wxt/websites/math/test/dptcms_base/vendor/laravel/framework/src/Illuminate/View/Engines/CompilerEngine.php(57): Illuminate\View\Engines\PhpEngine->evaluatePath('/wxt/websites/m...', Array)
#3 /wxt/websites/math/test/dptcms_base/vendor/laravel/framework/src/Illuminate/View/View.php(140): Illuminate\View\Engines\CompilerEngine->get('/wxt/websites/m...', Array)
#4 /wxt/websites/math/test/dptcms_base/vendor/laravel/framework/src/Illuminate/View/View.php(109): Illuminate\View\View->getContents()
#5 /wxt/websites/math/test/dptcms_base/vendor/laravel/framework/src/Illuminate/View/View.php(78): Illuminate\View\View->renderContents()
#6 /wxt/websites/math/test/dptcms_base/vendor/laravel/framework/src/Illuminate/Http/Response.php(43): Illuminate\View\View->render()
#7 /wxt/websites/math/test/dptcms_base/vendor/symfony/http-foundation/Response.php(202): Illuminate\Http\Response->setContent(Object(Illuminate\View\View))
#8 /wxt/websites/math/test/dptcms_base/vendor/laravel/framework/src/Illuminate/Routing/Router.php(1501): Symfony\Component\HttpFoundation\Response->__construct(Object(Illuminate\View\View))
#9 /wxt/websites/math/test/dptcms_base/vendor/laravel/framework/src/Illuminate/Routing/Router.php(1036): Illuminate\Routing\Router->prepareResponse(Object(Illuminate\Http\Request), Object(Illuminate\View\View))
#10 /wxt/websites/math/test/dptcms_base/vendor/laravel/framework/src/Illuminate/Routing/Router.php(1001): Illuminate\Routing\Router->dispatchToRoute(Object(Illuminate\Http\Request))
#11 /wxt/websites/math/test/dptcms_base/vendor/laravel/framework/src/Illuminate/Foundation/Application.php(781): Illuminate\Routing\Router->dispatch(Object(Illuminate\Http\Request))
#12 /wxt/websites/math/test/dptcms_base/vendor/laravel/framework/src/Illuminate/Foundation/Application.php(745): Illuminate\Foundation\Application->dispatch(Object(Illuminate\Http\Request))
#13 /wxt/websites/math/test/dptcms_base/vendor/laravel/framework/src/Illuminate/Session/Middleware.php(72): Illuminate\Foundation\Application->handle(Object(Illuminate\Http\Request), 1, true)
#14 /wxt/websites/math/test/dptcms_base/vendor/laravel/framework/src/Illuminate/Cookie/Queue.php(47): Illuminate\Session\Middleware->handle(Object(Illuminate\Http\Request), 1, true)
#15 /wxt/websites/math/test/dptcms_base/vendor/laravel/framework/src/Illuminate/Cookie/Guard.php(51): Illuminate\Cookie\Queue->handle(Object(Illuminate\Http\Request), 1, true)
#16 /wxt/websites/math/test/dptcms_base/vendor/stack/builder/src/Stack/StackedHttpKernel.php(23): Illuminate\Cookie\Guard->handle(Object(Illuminate\Http\Request), 1, true)
#17 /wxt/websites/math/test/dptcms_base/vendor/laravel/framework/src/Illuminate/Foundation/Application.php(641): Stack\StackedHttpKernel->handle(Object(Illuminate\Http\Request))
#18 /wxt/websites/math/test/index.php(49): Illuminate\Foundation\Application->run()
#19 {main}

Next exception 'ErrorException' with message 'Undefined variable: geteventfortpe (View: /wxt/websites/math/test/dptcms_base/app/views/event/view.blade.php)' in /wxt/websites/math/test/dptcms_base/app/storage/views/2b052d5a4f1e1b998ddb2f4ec51a2bc0:90
Stack trace:
#0 /wxt/websites/math/test/dptcms_base/vendor/laravel/framework/src/Illuminate/View/Engines/PhpEngine.php(41): Illuminate\View\Engines\CompilerEngine->handleViewException(Object(ErrorException), 1)
#1 /wxt/websites/math/test/dptcms_base/vendor/laravel/framework/src/Illuminate/View/Engines/CompilerEngine.php(57): Illuminate\View\Engines\PhpEngine->evaluatePath('/wxt/websites/m...', Array)
#2 /wxt/websites/math/test/dptcms_base/vendor/laravel/framework/src/Illuminate/View/View.php(140): Illuminate\View\Engines\CompilerEngine->get('/wxt/websites/m...', Array)
#3 /wxt/websites/math/test/dptcms_base/vendor/laravel/framework/src/Illuminate/View/View.php(109): Illuminate\View\View->getContents()
#4 /wxt/websites/math/test/dptcms_base/vendor/laravel/framework/src/Illuminate/View/View.php(78): Illuminate\View\View->renderContents()
#5 /wxt/websites/math/test/dptcms_base/vendor/laravel/framework/src/Illuminate/Http/Response.php(43): Illuminate\View\View->render()
#6 /wxt/websites/math/test/dptcms_base/vendor/symfony/http-foundation/Response.php(202): Illuminate\Http\Response->setContent(Object(Illuminate\View\View))
#7 /wxt/websites/math/test/dptcms_base/vendor/laravel/framework/src/Illuminate/Routing/Router.php(1501): Symfony\Component\HttpFoundation\Response->__construct(Object(Illuminate\View\View))
#8 /wxt/websites/math/test/dptcms_base/vendor/laravel/framework/src/Illuminate/Routing/Router.php(1036): Illuminate\Routing\Router->prepareResponse(Object(Illuminate\Http\Request), Object(Illuminate\View\View))
#9 /wxt/websites/math/test/dptcms_base/vendor/laravel/framework/src/Illuminate/Routing/Router.php(1001): Illuminate\Routing\Router->dispatchToRoute(Object(Illuminate\Http\Request))
#10 /wxt/websites/math/test/dptcms_base/vendor/laravel/framework/src/Illuminate/Foundation/Application.php(781): Illuminate\Routing\Router->dispatch(Object(Illuminate\Http\Request))
#11 /wxt/websites/math/test/dptcms_base/vendor/laravel/framework/src/Illuminate/Foundation/Application.php(745): Illuminate\Foundation\Application->dispatch(Object(Illuminate\Http\Request))
#12 /wxt/websites/math/test/dptcms_base/vendor/laravel/framework/src/Illuminate/Session/Middleware.php(72): Illuminate\Foundation\Application->handle(Object(Illuminate\Http\Request), 1, true)
#13 /wxt/websites/math/test/dptcms_base/vendor/laravel/framework/src/Illuminate/Cookie/Queue.php(47): Illuminate\Session\Middleware->handle(Object(Illuminate\Http\Request), 1, true)
#14 /wxt/websites/math/test/dptcms_base/vendor/laravel/framework/src/Illuminate/Cookie/Guard.php(51): Illuminate\Cookie\Queue->handle(Object(Illuminate\Http\Request), 1, true)
#15 /wxt/websites/math/test/dptcms_base/vendor/stack/builder/src/Stack/StackedHttpKernel.php(23): Illuminate\Cookie\Guard->handle(Object(Illuminate\Http\Request), 1, true)
#16 /wxt/websites/math/test/dptcms_base/vendor/laravel/framework/src/Illuminate/Foundation/Application.php(641): Stack\StackedHttpKernel->handle(Object(Illuminate\Http\Request))
#17 /wxt/websites/math/test/index.php(49): Illuminate\Foundation\Application->run()
#18 {main} [] []
[2018-07-13 15:59:16] production.ERROR: exception 'ErrorException' with message 'Undefined variable: geteventfortpe' in /wxt/websites/math/test/dptcms_base/app/storage/views/2b052d5a4f1e1b998ddb2f4ec51a2bc0:90
Stack trace:
#0 /wxt/websites/math/test/dptcms_base/app/storage/views/2b052d5a4f1e1b998ddb2f4ec51a2bc0(90): Illuminate\Exception\Handler->handleError(8, 'Undefined varia...', '/wxt/websites/m...', 90, Array)
#1 /wxt/websites/math/test/dptcms_base/vendor/laravel/framework/src/Illuminate/View/Engines/PhpEngine.php(37): include('/wxt/websites/m...')
#2 /wxt/websites/math/test/dptcms_base/vendor/laravel/framework/src/Illuminate/View/Engines/CompilerEngine.php(57): Illuminate\View\Engines\PhpEngine->evaluatePath('/wxt/websites/m...', Array)
#3 /wxt/websites/math/test/dptcms_base/vendor/laravel/framework/src/Illuminate/View/View.php(140): Illuminate\View\Engines\CompilerEngine->get('/wxt/websites/m...', Array)
#4 /wxt/websites/math/test/dptcms_base/vendor/laravel/framework/src/Illuminate/View/View.php(109): Illuminate\View\View->getContents()
#5 /wxt/websites/math/test/dptcms_base/vendor/laravel/framework/src/Illuminate/View/View.php(78): Illuminate\View\View->renderContents()
#6 /wxt/websites/math/test/dptcms_base/vendor/laravel/framework/src/Illuminate/Http/Response.php(43): Illuminate\View\View->render()
#7 /wxt/websites/math/test/dptcms_base/vendor/symfony/http-foundation/Response.php(202): Illuminate\Http\Response->setContent(Object(Illuminate\View\View))
#8 /wxt/websites/math/test/dptcms_base/vendor/laravel/framework/src/Illuminate/Routing/Router.php(1501): Symfony\Component\HttpFoundation\Response->__construct(Object(Illuminate\View\View))
#9 /wxt/websites/math/test/dptcms_base/vendor/laravel/framework/src/Illuminate/Routing/Router.php(1036): Illuminate\Routing\Router->prepareResponse(Object(Illuminate\Http\Request), Object(Illuminate\View\View))
#10 /wxt/websites/math/test/dptcms_base/vendor/laravel/framework/src/Illuminate/Routing/Router.php(1001): Illuminate\Routing\Router->dispatchToRoute(Object(Illuminate\Http\Request))
#11 /wxt/websites/math/test/dptcms_base/vendor/laravel/framework/src/Illuminate/Foundation/Application.php(781): Illuminate\Routing\Router->dispatch(Object(Illuminate\Http\Request))
#12 /wxt/websites/math/test/dptcms_base/vendor/laravel/framework/src/Illuminate/Foundation/Application.php(745): Illuminate\Foundation\Application->dispatch(Object(Illuminate\Http\Request))
#13 /wxt/websites/math/test/dptcms_base/vendor/laravel/framework/src/Illuminate/Session/Middleware.php(72): Illuminate\Foundation\Application->handle(Object(Illuminate\Http\Request), 1, true)
#14 /wxt/websites/math/test/dptcms_base/vendor/laravel/framework/src/Illuminate/Cookie/Queue.php(47): Illuminate\Session\Middleware->handle(Object(Illuminate\Http\Request), 1, true)
#15 /wxt/websites/math/test/dptcms_base/vendor/laravel/framework/src/Illuminate/Cookie/Guard.php(51): Illuminate\Cookie\Queue->handle(Object(Illuminate\Http\Request), 1, true)
#16 /wxt/websites/math/test/dptcms_base/vendor/stack/builder/src/Stack/StackedHttpKernel.php(23): Illuminate\Cookie\Guard->handle(Object(Illuminate\Http\Request), 1, true)
#17 /wxt/websites/math/test/dptcms_base/vendor/laravel/framework/src/Illuminate/Foundation/Application.php(641): Stack\StackedHttpKernel->handle(Object(Illuminate\Http\Request))
#18 /wxt/websites/math/test/index.php(49): Illuminate\Foundation\Application->run()
#19 {main}

Next exception 'ErrorException' with message 'Undefined variable: geteventfortpe (View: /wxt/websites/math/test/dptcms_base/app/views/event/view.blade.php)' in /wxt/websites/math/test/dptcms_base/app/storage/views/2b052d5a4f1e1b998ddb2f4ec51a2bc0:90
Stack trace:
#0 /wxt/websites/math/test/dptcms_base/vendor/laravel/framework/src/Illuminate/View/Engines/PhpEngine.php(41): Illuminate\View\Engines\CompilerEngine->handleViewException(Object(ErrorException), 1)
#1 /wxt/websites/math/test/dptcms_base/vendor/laravel/framework/src/Illuminate/View/Engines/CompilerEngine.php(57): Illuminate\View\Engines\PhpEngine->evaluatePath('/wxt/websites/m...', Array)
#2 /wxt/websites/math/test/dptcms_base/vendor/laravel/framework/src/Illuminate/View/View.php(140): Illuminate\View\Engines\CompilerEngine->get('/wxt/websites/m...', Array)
#3 /wxt/websites/math/test/dptcms_base/vendor/laravel/framework/src/Illuminate/View/View.php(109): Illuminate\View\View->getContents()
#4 /wxt/websites/math/test/dptcms_base/vendor/laravel/framework/src/Illuminate/View/View.php(78): Illuminate\View\View->renderContents()
#5 /wxt/websites/math/test/dptcms_base/vendor/laravel/framework/src/Illuminate/Http/Response.php(43): Illuminate\View\View->render()
#6 /wxt/websites/math/test/dptcms_base/vendor/symfony/http-foundation/Response.php(202): Illuminate\Http\Response->setContent(Object(Illuminate\View\View))
#7 /wxt/websites/math/test/dptcms_base/vendor/laravel/framework/src/Illuminate/Routing/Router.php(1501): Symfony\Component\HttpFoundation\Response->__construct(Object(Illuminate\View\View))
#8 /wxt/websites/math/test/dptcms_base/vendor/laravel/framework/src/Illuminate/Routing/Router.php(1036): Illuminate\Routing\Router->prepareResponse(Object(Illuminate\Http\Request), Object(Illuminate\View\View))
#9 /wxt/websites/math/test/dptcms_base/vendor/laravel/framework/src/Illuminate/Routing/Router.php(1001): Illuminate\Routing\Router->dispatchToRoute(Object(Illuminate\Http\Request))
#10 /wxt/websites/math/test/dptcms_base/vendor/laravel/framework/src/Illuminate/Foundation/Application.php(781): Illuminate\Routing\Router->dispatch(Object(Illuminate\Http\Request))
#11 /wxt/websites/math/test/dptcms_base/vendor/laravel/framework/src/Illuminate/Foundation/Application.php(745): Illuminate\Foundation\Application->dispatch(Object(Illuminate\Http\Request))
#12 /wxt/websites/math/test/dptcms_base/vendor/laravel/framework/src/Illuminate/Session/Middleware.php(72): Illuminate\Foundation\Application->handle(Object(Illuminate\Http\Request), 1, true)
#13 /wxt/websites/math/test/dptcms_base/vendor/laravel/framework/src/Illuminate/Cookie/Queue.php(47): Illuminate\Session\Middleware->handle(Object(Illuminate\Http\Request), 1, true)
#14 /wxt/websites/math/test/dptcms_base/vendor/laravel/framework/src/Illuminate/Cookie/Guard.php(51): Illuminate\Cookie\Queue->handle(Object(Illuminate\Http\Request), 1, true)
#15 /wxt/websites/math/test/dptcms_base/vendor/stack/builder/src/Stack/StackedHttpKernel.php(23): Illuminate\Cookie\Guard->handle(Object(Illuminate\Http\Request), 1, true)
#16 /wxt/websites/math/test/dptcms_base/vendor/laravel/framework/src/Illuminate/Foundation/Application.php(641): Stack\StackedHttpKernel->handle(Object(Illuminate\Http\Request))
#17 /wxt/websites/math/test/index.php(49): Illuminate\Foundation\Application->run()
#18 {main} [] []
[2018-07-13 15:59:52] production.ERROR: exception 'ErrorException' with message 'Undefined variable: geteventfortpe' in /wxt/websites/math/test/dptcms_base/app/storage/views/2b052d5a4f1e1b998ddb2f4ec51a2bc0:90
Stack trace:
#0 /wxt/websites/math/test/dptcms_base/app/storage/views/2b052d5a4f1e1b998ddb2f4ec51a2bc0(90): Illuminate\Exception\Handler->handleError(8, 'Undefined varia...', '/wxt/websites/m...', 90, Array)
#1 /wxt/websites/math/test/dptcms_base/vendor/laravel/framework/src/Illuminate/View/Engines/PhpEngine.php(37): include('/wxt/websites/m...')
#2 /wxt/websites/math/test/dptcms_base/vendor/laravel/framework/src/Illuminate/View/Engines/CompilerEngine.php(57): Illuminate\View\Engines\PhpEngine->evaluatePath('/wxt/websites/m...', Array)
#3 /wxt/websites/math/test/dptcms_base/vendor/laravel/framework/src/Illuminate/View/View.php(140): Illuminate\View\Engines\CompilerEngine->get('/wxt/websites/m...', Array)
#4 /wxt/websites/math/test/dptcms_base/vendor/laravel/framework/src/Illuminate/View/View.php(109): Illuminate\View\View->getContents()
#5 /wxt/websites/math/test/dptcms_base/vendor/laravel/framework/src/Illuminate/View/View.php(78): Illuminate\View\View->renderContents()
#6 /wxt/websites/math/test/dptcms_base/vendor/laravel/framework/src/Illuminate/Http/Response.php(43): Illuminate\View\View->render()
#7 /wxt/websites/math/test/dptcms_base/vendor/symfony/http-foundation/Response.php(202): Illuminate\Http\Response->setContent(Object(Illuminate\View\View))
#8 /wxt/websites/math/test/dptcms_base/vendor/laravel/framework/src/Illuminate/Routing/Router.php(1501): Symfony\Component\HttpFoundation\Response->__construct(Object(Illuminate\View\View))
#9 /wxt/websites/math/test/dptcms_base/vendor/laravel/framework/src/Illuminate/Routing/Router.php(1036): Illuminate\Routing\Router->prepareResponse(Object(Illuminate\Http\Request), Object(Illuminate\View\View))
#10 /wxt/websites/math/test/dptcms_base/vendor/laravel/framework/src/Illuminate/Routing/Router.php(1001): Illuminate\Routing\Router->dispatchToRoute(Object(Illuminate\Http\Request))
#11 /wxt/websites/math/test/dptcms_base/vendor/laravel/framework/src/Illuminate/Foundation/Application.php(781): Illuminate\Routing\Router->dispatch(Object(Illuminate\Http\Request))
#12 /wxt/websites/math/test/dptcms_base/vendor/laravel/framework/src/Illuminate/Foundation/Application.php(745): Illuminate\Foundation\Application->dispatch(Object(Illuminate\Http\Request))
#13 /wxt/websites/math/test/dptcms_base/vendor/laravel/framework/src/Illuminate/Session/Middleware.php(72): Illuminate\Foundation\Application->handle(Object(Illuminate\Http\Request), 1, true)
#14 /wxt/websites/math/test/dptcms_base/vendor/laravel/framework/src/Illuminate/Cookie/Queue.php(47): Illuminate\Session\Middleware->handle(Object(Illuminate\Http\Request), 1, true)
#15 /wxt/websites/math/test/dptcms_base/vendor/laravel/framework/src/Illuminate/Cookie/Guard.php(51): Illuminate\Cookie\Queue->handle(Object(Illuminate\Http\Request), 1, true)
#16 /wxt/websites/math/test/dptcms_base/vendor/stack/builder/src/Stack/StackedHttpKernel.php(23): Illuminate\Cookie\Guard->handle(Object(Illuminate\Http\Request), 1, true)
#17 /wxt/websites/math/test/dptcms_base/vendor/laravel/framework/src/Illuminate/Foundation/Application.php(641): Stack\StackedHttpKernel->handle(Object(Illuminate\Http\Request))
#18 /wxt/websites/math/test/index.php(49): Illuminate\Foundation\Application->run()
#19 {main}

Next exception 'ErrorException' with message 'Undefined variable: geteventfortpe (View: /wxt/websites/math/test/dptcms_base/app/views/event/view.blade.php)' in /wxt/websites/math/test/dptcms_base/app/storage/views/2b052d5a4f1e1b998ddb2f4ec51a2bc0:90
Stack trace:
#0 /wxt/websites/math/test/dptcms_base/vendor/laravel/framework/src/Illuminate/View/Engines/PhpEngine.php(41): Illuminate\View\Engines\CompilerEngine->handleViewException(Object(ErrorException), 1)
#1 /wxt/websites/math/test/dptcms_base/vendor/laravel/framework/src/Illuminate/View/Engines/CompilerEngine.php(57): Illuminate\View\Engines\PhpEngine->evaluatePath('/wxt/websites/m...', Array)
#2 /wxt/websites/math/test/dptcms_base/vendor/laravel/framework/src/Illuminate/View/View.php(140): Illuminate\View\Engines\CompilerEngine->get('/wxt/websites/m...', Array)
#3 /wxt/websites/math/test/dptcms_base/vendor/laravel/framework/src/Illuminate/View/View.php(109): Illuminate\View\View->getContents()
#4 /wxt/websites/math/test/dptcms_base/vendor/laravel/framework/src/Illuminate/View/View.php(78): Illuminate\View\View->renderContents()
#5 /wxt/websites/math/test/dptcms_base/vendor/laravel/framework/src/Illuminate/Http/Response.php(43): Illuminate\View\View->render()
#6 /wxt/websites/math/test/dptcms_base/vendor/symfony/http-foundation/Response.php(202): Illuminate\Http\Response->setContent(Object(Illuminate\View\View))
#7 /wxt/websites/math/test/dptcms_base/vendor/laravel/framework/src/Illuminate/Routing/Router.php(1501): Symfony\Component\HttpFoundation\Response->__construct(Object(Illuminate\View\View))
#8 /wxt/websites/math/test/dptcms_base/vendor/laravel/framework/src/Illuminate/Routing/Router.php(1036): Illuminate\Routing\Router->prepareResponse(Object(Illuminate\Http\Request), Object(Illuminate\View\View))
#9 /wxt/websites/math/test/dptcms_base/vendor/laravel/framework/src/Illuminate/Routing/Router.php(1001): Illuminate\Routing\Router->dispatchToRoute(Object(Illuminate\Http\Request))
#10 /wxt/websites/math/test/dptcms_base/vendor/laravel/framework/src/Illuminate/Foundation/Application.php(781): Illuminate\Routing\Router->dispatch(Object(Illuminate\Http\Request))
#11 /wxt/websites/math/test/dptcms_base/vendor/laravel/framework/src/Illuminate/Foundation/Application.php(745): Illuminate\Foundation\Application->dispatch(Object(Illuminate\Http\Request))
#12 /wxt/websites/math/test/dptcms_base/vendor/laravel/framework/src/Illuminate/Session/Middleware.php(72): Illuminate\Foundation\Application->handle(Object(Illuminate\Http\Request), 1, true)
#13 /wxt/websites/math/test/dptcms_base/vendor/laravel/framework/src/Illuminate/Cookie/Queue.php(47): Illuminate\Session\Middleware->handle(Object(Illuminate\Http\Request), 1, true)
#14 /wxt/websites/math/test/dptcms_base/vendor/laravel/framework/src/Illuminate/Cookie/Guard.php(51): Illuminate\Cookie\Queue->handle(Object(Illuminate\Http\Request), 1, true)
#15 /wxt/websites/math/test/dptcms_base/vendor/stack/builder/src/Stack/StackedHttpKernel.php(23): Illuminate\Cookie\Guard->handle(Object(Illuminate\Http\Request), 1, true)
#16 /wxt/websites/math/test/dptcms_base/vendor/laravel/framework/src/Illuminate/Foundation/Application.php(641): Stack\StackedHttpKernel->handle(Object(Illuminate\Http\Request))
#17 /wxt/websites/math/test/index.php(49): Illuminate\Foundation\Application->run()
#18 {main} [] []
[2018-07-13 16:04:12] production.ERROR: exception 'ErrorException' with message 'arsort() expects parameter 1 to be array, object given' in /wxt/websites/math/test/dptcms_base/app/storage/views/2b052d5a4f1e1b998ddb2f4ec51a2bc0:90
Stack trace:
#0 [internal function]: Illuminate\Exception\Handler->handleError(2, 'arsort() expect...', '/wxt/websites/m...', 90, Array)
#1 /wxt/websites/math/test/dptcms_base/app/storage/views/2b052d5a4f1e1b998ddb2f4ec51a2bc0(90): arsort(Object(Illuminate\Database\Eloquent\Collection))
#2 /wxt/websites/math/test/dptcms_base/vendor/laravel/framework/src/Illuminate/View/Engines/PhpEngine.php(37): include('/wxt/websites/m...')
#3 /wxt/websites/math/test/dptcms_base/vendor/laravel/framework/src/Illuminate/View/Engines/CompilerEngine.php(57): Illuminate\View\Engines\PhpEngine->evaluatePath('/wxt/websites/m...', Array)
#4 /wxt/websites/math/test/dptcms_base/vendor/laravel/framework/src/Illuminate/View/View.php(140): Illuminate\View\Engines\CompilerEngine->get('/wxt/websites/m...', Array)
#5 /wxt/websites/math/test/dptcms_base/vendor/laravel/framework/src/Illuminate/View/View.php(109): Illuminate\View\View->getContents()
#6 /wxt/websites/math/test/dptcms_base/vendor/laravel/framework/src/Illuminate/View/View.php(78): Illuminate\View\View->renderContents()
#7 /wxt/websites/math/test/dptcms_base/vendor/laravel/framework/src/Illuminate/Http/Response.php(43): Illuminate\View\View->render()
#8 /wxt/websites/math/test/dptcms_base/vendor/symfony/http-foundation/Response.php(202): Illuminate\Http\Response->setContent(Object(Illuminate\View\View))
#9 /wxt/websites/math/test/dptcms_base/vendor/laravel/framework/src/Illuminate/Routing/Router.php(1501): Symfony\Component\HttpFoundation\Response->__construct(Object(Illuminate\View\View))
#10 /wxt/websites/math/test/dptcms_base/vendor/laravel/framework/src/Illuminate/Routing/Router.php(1036): Illuminate\Routing\Router->prepareResponse(Object(Illuminate\Http\Request), Object(Illuminate\View\View))
#11 /wxt/websites/math/test/dptcms_base/vendor/laravel/framework/src/Illuminate/Routing/Router.php(1001): Illuminate\Routing\Router->dispatchToRoute(Object(Illuminate\Http\Request))
#12 /wxt/websites/math/test/dptcms_base/vendor/laravel/framework/src/Illuminate/Foundation/Application.php(781): Illuminate\Routing\Router->dispatch(Object(Illuminate\Http\Request))
#13 /wxt/websites/math/test/dptcms_base/vendor/laravel/framework/src/Illuminate/Foundation/Application.php(745): Illuminate\Foundation\Application->dispatch(Object(Illuminate\Http\Request))
#14 /wxt/websites/math/test/dptcms_base/vendor/laravel/framework/src/Illuminate/Session/Middleware.php(72): Illuminate\Foundation\Application->handle(Object(Illuminate\Http\Request), 1, true)
#15 /wxt/websites/math/test/dptcms_base/vendor/laravel/framework/src/Illuminate/Cookie/Queue.php(47): Illuminate\Session\Middleware->handle(Object(Illuminate\Http\Request), 1, true)
#16 /wxt/websites/math/test/dptcms_base/vendor/laravel/framework/src/Illuminate/Cookie/Guard.php(51): Illuminate\Cookie\Queue->handle(Object(Illuminate\Http\Request), 1, true)
#17 /wxt/websites/math/test/dptcms_base/vendor/stack/builder/src/Stack/StackedHttpKernel.php(23): Illuminate\Cookie\Guard->handle(Object(Illuminate\Http\Request), 1, true)
#18 /wxt/websites/math/test/dptcms_base/vendor/laravel/framework/src/Illuminate/Foundation/Application.php(641): Stack\StackedHttpKernel->handle(Object(Illuminate\Http\Request))
#19 /wxt/websites/math/test/index.php(49): Illuminate\Foundation\Application->run()
#20 {main}

Next exception 'ErrorException' with message 'arsort() expects parameter 1 to be array, object given (View: /wxt/websites/math/test/dptcms_base/app/views/event/view.blade.php)' in /wxt/websites/math/test/dptcms_base/app/storage/views/2b052d5a4f1e1b998ddb2f4ec51a2bc0:90
Stack trace:
#0 /wxt/websites/math/test/dptcms_base/vendor/laravel/framework/src/Illuminate/View/Engines/PhpEngine.php(41): Illuminate\View\Engines\CompilerEngine->handleViewException(Object(ErrorException), 1)
#1 /wxt/websites/math/test/dptcms_base/vendor/laravel/framework/src/Illuminate/View/Engines/CompilerEngine.php(57): Illuminate\View\Engines\PhpEngine->evaluatePath('/wxt/websites/m...', Array)
#2 /wxt/websites/math/test/dptcms_base/vendor/laravel/framework/src/Illuminate/View/View.php(140): Illuminate\View\Engines\CompilerEngine->get('/wxt/websites/m...', Array)
#3 /wxt/websites/math/test/dptcms_base/vendor/laravel/framework/src/Illuminate/View/View.php(109): Illuminate\View\View->getContents()
#4 /wxt/websites/math/test/dptcms_base/vendor/laravel/framework/src/Illuminate/View/View.php(78): Illuminate\View\View->renderContents()
#5 /wxt/websites/math/test/dptcms_base/vendor/laravel/framework/src/Illuminate/Http/Response.php(43): Illuminate\View\View->render()
#6 /wxt/websites/math/test/dptcms_base/vendor/symfony/http-foundation/Response.php(202): Illuminate\Http\Response->setContent(Object(Illuminate\View\View))
#7 /wxt/websites/math/test/dptcms_base/vendor/laravel/framework/src/Illuminate/Routing/Router.php(1501): Symfony\Component\HttpFoundation\Response->__construct(Object(Illuminate\View\View))
#8 /wxt/websites/math/test/dptcms_base/vendor/laravel/framework/src/Illuminate/Routing/Router.php(1036): Illuminate\Routing\Router->prepareResponse(Object(Illuminate\Http\Request), Object(Illuminate\View\View))
#9 /wxt/websites/math/test/dptcms_base/vendor/laravel/framework/src/Illuminate/Routing/Router.php(1001): Illuminate\Routing\Router->dispatchToRoute(Object(Illuminate\Http\Request))
#10 /wxt/websites/math/test/dptcms_base/vendor/laravel/framework/src/Illuminate/Foundation/Application.php(781): Illuminate\Routing\Router->dispatch(Object(Illuminate\Http\Request))
#11 /wxt/websites/math/test/dptcms_base/vendor/laravel/framework/src/Illuminate/Foundation/Application.php(745): Illuminate\Foundation\Application->dispatch(Object(Illuminate\Http\Request))
#12 /wxt/websites/math/test/dptcms_base/vendor/laravel/framework/src/Illuminate/Session/Middleware.php(72): Illuminate\Foundation\Application->handle(Object(Illuminate\Http\Request), 1, true)
#13 /wxt/websites/math/test/dptcms_base/vendor/laravel/framework/src/Illuminate/Cookie/Queue.php(47): Illuminate\Session\Middleware->handle(Object(Illuminate\Http\Request), 1, true)
#14 /wxt/websites/math/test/dptcms_base/vendor/laravel/framework/src/Illuminate/Cookie/Guard.php(51): Illuminate\Cookie\Queue->handle(Object(Illuminate\Http\Request), 1, true)
#15 /wxt/websites/math/test/dptcms_base/vendor/stack/builder/src/Stack/StackedHttpKernel.php(23): Illuminate\Cookie\Guard->handle(Object(Illuminate\Http\Request), 1, true)
#16 /wxt/websites/math/test/dptcms_base/vendor/laravel/framework/src/Illuminate/Foundation/Application.php(641): Stack\StackedHttpKernel->handle(Object(Illuminate\Http\Request))
#17 /wxt/websites/math/test/index.php(49): Illuminate\Foundation\Application->run()
#18 {main} [] []
