[2018-04-25 09:05:36] production.ERROR: exception 'ErrorException' with message 'Undefined offset: 0' in /wxt/websites/math/test/dptcms_base/vendor/laravel/framework/src/Illuminate/Support/Collection.php:788
Stack trace:
#0 /wxt/websites/math/test/dptcms_base/vendor/laravel/framework/src/Illuminate/Support/Collection.php(788): Illuminate\Exception\Handler->handleError(8, 'Undefined offse...', '/wxt/websites/m...', 788, Array)
#1 /wxt/websites/math/test/dptcms_base/app/controllers/HomeController.php(284): Illuminate\Support\Collection->offsetGet(0)
#2 [internal function]: HomeController->authenticateUser()
#3 /wxt/websites/math/test/dptcms_base/vendor/laravel/framework/src/Illuminate/Routing/Controller.php(231): call_user_func_array(Array, Array)
#4 /wxt/websites/math/test/dptcms_base/vendor/laravel/framework/src/Illuminate/Routing/ControllerDispatcher.php(93): Illuminate\Routing\Controller->callAction('authenticateUse...', Array)
#5 /wxt/websites/math/test/dptcms_base/vendor/laravel/framework/src/Illuminate/Routing/ControllerDispatcher.php(62): Illuminate\Routing\ControllerDispatcher->call(Object(HomeController), Object(Illuminate\Routing\Route), 'authenticateUse...')
#6 /wxt/websites/math/test/dptcms_base/vendor/laravel/framework/src/Illuminate/Routing/Router.php(967): Illuminate\Routing\ControllerDispatcher->dispatch(Object(Illuminate\Routing\Route), Object(Illuminate\Http\Request), 'HomeController', 'authenticateUse...')
#7 [internal function]: Illuminate\Routing\Router->Illuminate\Routing\{closure}()
#8 /wxt/websites/math/test/dptcms_base/vendor/laravel/framework/src/Illuminate/Routing/Route.php(109): call_user_func_array(Object(Closure), Array)
#9 /wxt/websites/math/test/dptcms_base/vendor/laravel/framework/src/Illuminate/Routing/Router.php(1033): Illuminate\Routing\Route->run(Object(Illuminate\Http\Request))
#10 /wxt/websites/math/test/dptcms_base/vendor/laravel/framework/src/Illuminate/Routing/Router.php(1001): Illuminate\Routing\Router->dispatchToRoute(Object(Illuminate\Http\Request))
#11 /wxt/websites/math/test/dptcms_base/vendor/laravel/framework/src/Illuminate/Foundation/Application.php(781): Illuminate\Routing\Router->dispatch(Object(Illuminate\Http\Request))
#12 /wxt/websites/math/test/dptcms_base/vendor/laravel/framework/src/Illuminate/Foundation/Application.php(745): Illuminate\Foundation\Application->dispatch(Object(Illuminate\Http\Request))
#13 /wxt/websites/math/test/dptcms_base/vendor/laravel/framework/src/Illuminate/Session/Middleware.php(72): Illuminate\Foundation\Application->handle(Object(Illuminate\Http\Request), 1, true)
#14 /wxt/websites/math/test/dptcms_base/vendor/laravel/framework/src/Illuminate/Cookie/Queue.php(47): Illuminate\Session\Middleware->handle(Object(Illuminate\Http\Request), 1, true)
#15 /wxt/websites/math/test/dptcms_base/vendor/laravel/framework/src/Illuminate/Cookie/Guard.php(51): Illuminate\Cookie\Queue->handle(Object(Illuminate\Http\Request), 1, true)
#16 /wxt/websites/math/test/dptcms_base/vendor/stack/builder/src/Stack/StackedHttpKernel.php(23): Illuminate\Cookie\Guard->handle(Object(Illuminate\Http\Request), 1, true)
#17 /wxt/websites/math/test/dptcms_base/vendor/laravel/framework/src/Illuminate/Foundation/Application.php(641): Stack\StackedHttpKernel->handle(Object(Illuminate\Http\Request))
#18 /wxt/websites/math/test/index.php(49): Illuminate\Foundation\Application->run()
#19 {main} [] []
[2018-04-25 09:05:38] production.ERROR: exception 'ErrorException' with message 'Undefined offset: 0' in /wxt/websites/math/test/dptcms_base/vendor/laravel/framework/src/Illuminate/Support/Collection.php:788
Stack trace:
#0 /wxt/websites/math/test/dptcms_base/vendor/laravel/framework/src/Illuminate/Support/Collection.php(788): Illuminate\Exception\Handler->handleError(8, 'Undefined offse...', '/wxt/websites/m...', 788, Array)
#1 /wxt/websites/math/test/dptcms_base/app/controllers/HomeController.php(284): Illuminate\Support\Collection->offsetGet(0)
#2 [internal function]: HomeController->authenticateUser()
#3 /wxt/websites/math/test/dptcms_base/vendor/laravel/framework/src/Illuminate/Routing/Controller.php(231): call_user_func_array(Array, Array)
#4 /wxt/websites/math/test/dptcms_base/vendor/laravel/framework/src/Illuminate/Routing/ControllerDispatcher.php(93): Illuminate\Routing\Controller->callAction('authenticateUse...', Array)
#5 /wxt/websites/math/test/dptcms_base/vendor/laravel/framework/src/Illuminate/Routing/ControllerDispatcher.php(62): Illuminate\Routing\ControllerDispatcher->call(Object(HomeController), Object(Illuminate\Routing\Route), 'authenticateUse...')
#6 /wxt/websites/math/test/dptcms_base/vendor/laravel/framework/src/Illuminate/Routing/Router.php(967): Illuminate\Routing\ControllerDispatcher->dispatch(Object(Illuminate\Routing\Route), Object(Illuminate\Http\Request), 'HomeController', 'authenticateUse...')
#7 [internal function]: Illuminate\Routing\Router->Illuminate\Routing\{closure}()
#8 /wxt/websites/math/test/dptcms_base/vendor/laravel/framework/src/Illuminate/Routing/Route.php(109): call_user_func_array(Object(Closure), Array)
#9 /wxt/websites/math/test/dptcms_base/vendor/laravel/framework/src/Illuminate/Routing/Router.php(1033): Illuminate\Routing\Route->run(Object(Illuminate\Http\Request))
#10 /wxt/websites/math/test/dptcms_base/vendor/laravel/framework/src/Illuminate/Routing/Router.php(1001): Illuminate\Routing\Router->dispatchToRoute(Object(Illuminate\Http\Request))
#11 /wxt/websites/math/test/dptcms_base/vendor/laravel/framework/src/Illuminate/Foundation/Application.php(781): Illuminate\Routing\Router->dispatch(Object(Illuminate\Http\Request))
#12 /wxt/websites/math/test/dptcms_base/vendor/laravel/framework/src/Illuminate/Foundation/Application.php(745): Illuminate\Foundation\Application->dispatch(Object(Illuminate\Http\Request))
#13 /wxt/websites/math/test/dptcms_base/vendor/laravel/framework/src/Illuminate/Session/Middleware.php(72): Illuminate\Foundation\Application->handle(Object(Illuminate\Http\Request), 1, true)
#14 /wxt/websites/math/test/dptcms_base/vendor/laravel/framework/src/Illuminate/Cookie/Queue.php(47): Illuminate\Session\Middleware->handle(Object(Illuminate\Http\Request), 1, true)
#15 /wxt/websites/math/test/dptcms_base/vendor/laravel/framework/src/Illuminate/Cookie/Guard.php(51): Illuminate\Cookie\Queue->handle(Object(Illuminate\Http\Request), 1, true)
#16 /wxt/websites/math/test/dptcms_base/vendor/stack/builder/src/Stack/StackedHttpKernel.php(23): Illuminate\Cookie\Guard->handle(Object(Illuminate\Http\Request), 1, true)
#17 /wxt/websites/math/test/dptcms_base/vendor/laravel/framework/src/Illuminate/Foundation/Application.php(641): Stack\StackedHttpKernel->handle(Object(Illuminate\Http\Request))
#18 /wxt/websites/math/test/index.php(49): Illuminate\Foundation\Application->run()
#19 {main} [] []
[2018-04-25 09:17:23] production.ERROR: exception 'ErrorException' with message 'Undefined offset: 0' in /wxt/websites/math/test/dptcms_base/vendor/laravel/framework/src/Illuminate/Support/Collection.php:788
Stack trace:
#0 /wxt/websites/math/test/dptcms_base/vendor/laravel/framework/src/Illuminate/Support/Collection.php(788): Illuminate\Exception\Handler->handleError(8, 'Undefined offse...', '/wxt/websites/m...', 788, Array)
#1 /wxt/websites/math/test/dptcms_base/app/controllers/HomeController.php(284): Illuminate\Support\Collection->offsetGet(0)
#2 [internal function]: HomeController->authenticateUser()
#3 /wxt/websites/math/test/dptcms_base/vendor/laravel/framework/src/Illuminate/Routing/Controller.php(231): call_user_func_array(Array, Array)
#4 /wxt/websites/math/test/dptcms_base/vendor/laravel/framework/src/Illuminate/Routing/ControllerDispatcher.php(93): Illuminate\Routing\Controller->callAction('authenticateUse...', Array)
#5 /wxt/websites/math/test/dptcms_base/vendor/laravel/framework/src/Illuminate/Routing/ControllerDispatcher.php(62): Illuminate\Routing\ControllerDispatcher->call(Object(HomeController), Object(Illuminate\Routing\Route), 'authenticateUse...')
#6 /wxt/websites/math/test/dptcms_base/vendor/laravel/framework/src/Illuminate/Routing/Router.php(967): Illuminate\Routing\ControllerDispatcher->dispatch(Object(Illuminate\Routing\Route), Object(Illuminate\Http\Request), 'HomeController', 'authenticateUse...')
#7 [internal function]: Illuminate\Routing\Router->Illuminate\Routing\{closure}()
#8 /wxt/websites/math/test/dptcms_base/vendor/laravel/framework/src/Illuminate/Routing/Route.php(109): call_user_func_array(Object(Closure), Array)
#9 /wxt/websites/math/test/dptcms_base/vendor/laravel/framework/src/Illuminate/Routing/Router.php(1033): Illuminate\Routing\Route->run(Object(Illuminate\Http\Request))
#10 /wxt/websites/math/test/dptcms_base/vendor/laravel/framework/src/Illuminate/Routing/Router.php(1001): Illuminate\Routing\Router->dispatchToRoute(Object(Illuminate\Http\Request))
#11 /wxt/websites/math/test/dptcms_base/vendor/laravel/framework/src/Illuminate/Foundation/Application.php(781): Illuminate\Routing\Router->dispatch(Object(Illuminate\Http\Request))
#12 /wxt/websites/math/test/dptcms_base/vendor/laravel/framework/src/Illuminate/Foundation/Application.php(745): Illuminate\Foundation\Application->dispatch(Object(Illuminate\Http\Request))
#13 /wxt/websites/math/test/dptcms_base/vendor/laravel/framework/src/Illuminate/Session/Middleware.php(72): Illuminate\Foundation\Application->handle(Object(Illuminate\Http\Request), 1, true)
#14 /wxt/websites/math/test/dptcms_base/vendor/laravel/framework/src/Illuminate/Cookie/Queue.php(47): Illuminate\Session\Middleware->handle(Object(Illuminate\Http\Request), 1, true)
#15 /wxt/websites/math/test/dptcms_base/vendor/laravel/framework/src/Illuminate/Cookie/Guard.php(51): Illuminate\Cookie\Queue->handle(Object(Illuminate\Http\Request), 1, true)
#16 /wxt/websites/math/test/dptcms_base/vendor/stack/builder/src/Stack/StackedHttpKernel.php(23): Illuminate\Cookie\Guard->handle(Object(Illuminate\Http\Request), 1, true)
#17 /wxt/websites/math/test/dptcms_base/vendor/laravel/framework/src/Illuminate/Foundation/Application.php(641): Stack\StackedHttpKernel->handle(Object(Illuminate\Http\Request))
#18 /wxt/websites/math/test/index.php(49): Illuminate\Foundation\Application->run()
#19 {main} [] []
[2018-04-25 09:17:37] production.ERROR: exception 'ErrorException' with message 'Undefined offset: 0' in /wxt/websites/math/test/dptcms_base/vendor/laravel/framework/src/Illuminate/Support/Collection.php:788
Stack trace:
#0 /wxt/websites/math/test/dptcms_base/vendor/laravel/framework/src/Illuminate/Support/Collection.php(788): Illuminate\Exception\Handler->handleError(8, 'Undefined offse...', '/wxt/websites/m...', 788, Array)
#1 /wxt/websites/math/test/dptcms_base/app/controllers/HomeController.php(284): Illuminate\Support\Collection->offsetGet(0)
#2 [internal function]: HomeController->authenticateUser()
#3 /wxt/websites/math/test/dptcms_base/vendor/laravel/framework/src/Illuminate/Routing/Controller.php(231): call_user_func_array(Array, Array)
#4 /wxt/websites/math/test/dptcms_base/vendor/laravel/framework/src/Illuminate/Routing/ControllerDispatcher.php(93): Illuminate\Routing\Controller->callAction('authenticateUse...', Array)
#5 /wxt/websites/math/test/dptcms_base/vendor/laravel/framework/src/Illuminate/Routing/ControllerDispatcher.php(62): Illuminate\Routing\ControllerDispatcher->call(Object(HomeController), Object(Illuminate\Routing\Route), 'authenticateUse...')
#6 /wxt/websites/math/test/dptcms_base/vendor/laravel/framework/src/Illuminate/Routing/Router.php(967): Illuminate\Routing\ControllerDispatcher->dispatch(Object(Illuminate\Routing\Route), Object(Illuminate\Http\Request), 'HomeController', 'authenticateUse...')
#7 [internal function]: Illuminate\Routing\Router->Illuminate\Routing\{closure}()
#8 /wxt/websites/math/test/dptcms_base/vendor/laravel/framework/src/Illuminate/Routing/Route.php(109): call_user_func_array(Object(Closure), Array)
#9 /wxt/websites/math/test/dptcms_base/vendor/laravel/framework/src/Illuminate/Routing/Router.php(1033): Illuminate\Routing\Route->run(Object(Illuminate\Http\Request))
#10 /wxt/websites/math/test/dptcms_base/vendor/laravel/framework/src/Illuminate/Routing/Router.php(1001): Illuminate\Routing\Router->dispatchToRoute(Object(Illuminate\Http\Request))
#11 /wxt/websites/math/test/dptcms_base/vendor/laravel/framework/src/Illuminate/Foundation/Application.php(781): Illuminate\Routing\Router->dispatch(Object(Illuminate\Http\Request))
#12 /wxt/websites/math/test/dptcms_base/vendor/laravel/framework/src/Illuminate/Foundation/Application.php(745): Illuminate\Foundation\Application->dispatch(Object(Illuminate\Http\Request))
#13 /wxt/websites/math/test/dptcms_base/vendor/laravel/framework/src/Illuminate/Session/Middleware.php(72): Illuminate\Foundation\Application->handle(Object(Illuminate\Http\Request), 1, true)
#14 /wxt/websites/math/test/dptcms_base/vendor/laravel/framework/src/Illuminate/Cookie/Queue.php(47): Illuminate\Session\Middleware->handle(Object(Illuminate\Http\Request), 1, true)
#15 /wxt/websites/math/test/dptcms_base/vendor/laravel/framework/src/Illuminate/Cookie/Guard.php(51): Illuminate\Cookie\Queue->handle(Object(Illuminate\Http\Request), 1, true)
#16 /wxt/websites/math/test/dptcms_base/vendor/stack/builder/src/Stack/StackedHttpKernel.php(23): Illuminate\Cookie\Guard->handle(Object(Illuminate\Http\Request), 1, true)
#17 /wxt/websites/math/test/dptcms_base/vendor/laravel/framework/src/Illuminate/Foundation/Application.php(641): Stack\StackedHttpKernel->handle(Object(Illuminate\Http\Request))
#18 /wxt/websites/math/test/index.php(49): Illuminate\Foundation\Application->run()
#19 {main} [] []
