[2017-09-26 04:26:36] production.ERROR: exception 'PDOException' with message 'SQLSTATE[23000]: Integrity constraint violation: 1048 Column 'student_rollno' cannot be null' in /wxt/websites/math/test/dptcms_base/vendor/laravel/framework/src/Illuminate/Database/Connection.php:369
Stack trace:
#0 /wxt/websites/math/test/dptcms_base/vendor/laravel/framework/src/Illuminate/Database/Connection.php(369): PDOStatement->execute(Array)
#1 /wxt/websites/math/test/dptcms_base/vendor/laravel/framework/src/Illuminate/Database/Connection.php(623): Illuminate\Database\Connection->Illuminate\Database\{closure}(Object(Illuminate\Database\MySqlConnection), 'insert into `st...', Array)
#2 /wxt/websites/math/test/dptcms_base/vendor/laravel/framework/src/Illuminate/Database/Connection.php(587): Illuminate\Database\Connection->runQueryCallback('insert into `st...', Array, Object(Closure))
#3 /wxt/websites/math/test/dptcms_base/vendor/laravel/framework/src/Illuminate/Database/Connection.php(370): Illuminate\Database\Connection->run('insert into `st...', Array, Object(Closure))
#4 /wxt/websites/math/test/dptcms_base/vendor/laravel/framework/src/Illuminate/Database/Connection.php(327): Illuminate\Database\Connection->statement('insert into `st...', Array)
#5 /wxt/websites/math/test/dptcms_base/vendor/laravel/framework/src/Illuminate/Database/Query/Processors/Processor.php(30): Illuminate\Database\Connection->insert('insert into `st...', Array)
#6 /wxt/websites/math/test/dptcms_base/vendor/laravel/framework/src/Illuminate/Database/Query/Builder.php(1910): Illuminate\Database\Query\Processors\Processor->processInsertGetId(Object(Illuminate\Database\Query\Builder), 'insert into `st...', Array, 'id')
#7 [internal function]: Illuminate\Database\Query\Builder->insertGetId(Array, 'id')
#8 /wxt/websites/math/test/dptcms_base/vendor/laravel/framework/src/Illuminate/Database/Eloquent/Builder.php(972): call_user_func_array(Array, Array)
#9 /wxt/websites/math/test/dptcms_base/vendor/laravel/framework/src/Illuminate/Database/Eloquent/Model.php(1580): Illuminate\Database\Eloquent\Builder->__call('insertGetId', Array)
#10 /wxt/websites/math/test/dptcms_base/vendor/laravel/framework/src/Illuminate/Database/Eloquent/Model.php(1580): Illuminate\Database\Eloquent\Builder->insertGetId(Array, 'id')
#11 /wxt/websites/math/test/dptcms_base/vendor/laravel/framework/src/Illuminate/Database/Eloquent/Model.php(1550): Illuminate\Database\Eloquent\Model->insertAndSetId(Object(Illuminate\Database\Eloquent\Builder), Array)
#12 /wxt/websites/math/test/dptcms_base/vendor/laravel/framework/src/Illuminate/Database/Eloquent/Model.php(1456): Illuminate\Database\Eloquent\Model->performInsert(Object(Illuminate\Database\Eloquent\Builder), Array)
#13 /wxt/websites/math/test/dptcms_base/app/controllers/StudentController.php(158): Illuminate\Database\Eloquent\Model->save()
#14 [internal function]: StudentController->postImport('2')
#15 /wxt/websites/math/test/dptcms_base/vendor/laravel/framework/src/Illuminate/Routing/Controller.php(231): call_user_func_array(Array, Array)
#16 /wxt/websites/math/test/dptcms_base/vendor/laravel/framework/src/Illuminate/Routing/ControllerDispatcher.php(93): Illuminate\Routing\Controller->callAction('postImport', Array)
#17 /wxt/websites/math/test/dptcms_base/vendor/laravel/framework/src/Illuminate/Routing/ControllerDispatcher.php(62): Illuminate\Routing\ControllerDispatcher->call(Object(StudentController), Object(Illuminate\Routing\Route), 'postImport')
#18 /wxt/websites/math/test/dptcms_base/vendor/laravel/framework/src/Illuminate/Routing/Router.php(967): Illuminate\Routing\ControllerDispatcher->dispatch(Object(Illuminate\Routing\Route), Object(Illuminate\Http\Request), 'StudentControll...', 'postImport')
#19 [internal function]: Illuminate\Routing\Router->Illuminate\Routing\{closure}('2')
#20 /wxt/websites/math/test/dptcms_base/vendor/laravel/framework/src/Illuminate/Routing/Route.php(109): call_user_func_array(Object(Closure), Array)
#21 /wxt/websites/math/test/dptcms_base/vendor/laravel/framework/src/Illuminate/Routing/Router.php(1033): Illuminate\Routing\Route->run(Object(Illuminate\Http\Request))
#22 /wxt/websites/math/test/dptcms_base/vendor/laravel/framework/src/Illuminate/Routing/Router.php(1001): Illuminate\Routing\Router->dispatchToRoute(Object(Illuminate\Http\Request))
#23 /wxt/websites/math/test/dptcms_base/vendor/laravel/framework/src/Illuminate/Foundation/Application.php(781): Illuminate\Routing\Router->dispatch(Object(Illuminate\Http\Request))
#24 /wxt/websites/math/test/dptcms_base/vendor/laravel/framework/src/Illuminate/Foundation/Application.php(745): Illuminate\Foundation\Application->dispatch(Object(Illuminate\Http\Request))
#25 /wxt/websites/math/test/dptcms_base/vendor/laravel/framework/src/Illuminate/Session/Middleware.php(72): Illuminate\Foundation\Application->handle(Object(Illuminate\Http\Request), 1, true)
#26 /wxt/websites/math/test/dptcms_base/vendor/laravel/framework/src/Illuminate/Cookie/Queue.php(47): Illuminate\Session\Middleware->handle(Object(Illuminate\Http\Request), 1, true)
#27 /wxt/websites/math/test/dptcms_base/vendor/laravel/framework/src/Illuminate/Cookie/Guard.php(51): Illuminate\Cookie\Queue->handle(Object(Illuminate\Http\Request), 1, true)
#28 /wxt/websites/math/test/dptcms_base/vendor/stack/builder/src/Stack/StackedHttpKernel.php(23): Illuminate\Cookie\Guard->handle(Object(Illuminate\Http\Request), 1, true)
#29 /wxt/websites/math/test/dptcms_base/vendor/laravel/framework/src/Illuminate/Foundation/Application.php(641): Stack\StackedHttpKernel->handle(Object(Illuminate\Http\Request))
#30 /wxt/websites/math/test/index.php(49): Illuminate\Foundation\Application->run()
#31 {main}

Next exception 'Illuminate\Database\QueryException' with message 'SQLSTATE[23000]: Integrity constraint violation: 1048 Column 'student_rollno' cannot be null (SQL: insert into `students` (`student_program_id`, `student_name`, `student_rollno`, `student_year`, `student_added_by`, `updated_at`, `created_at`) values (2,  , , , 14, 2017-09-26 04:26:36, 2017-09-26 04:26:36))' in /wxt/websites/math/test/dptcms_base/vendor/laravel/framework/src/Illuminate/Database/Connection.php:631
Stack trace:
#0 /wxt/websites/math/test/dptcms_base/vendor/laravel/framework/src/Illuminate/Database/Connection.php(587): Illuminate\Database\Connection->runQueryCallback('insert into `st...', Array, Object(Closure))
#1 /wxt/websites/math/test/dptcms_base/vendor/laravel/framework/src/Illuminate/Database/Connection.php(370): Illuminate\Database\Connection->run('insert into `st...', Array, Object(Closure))
#2 /wxt/websites/math/test/dptcms_base/vendor/laravel/framework/src/Illuminate/Database/Connection.php(327): Illuminate\Database\Connection->statement('insert into `st...', Array)
#3 /wxt/websites/math/test/dptcms_base/vendor/laravel/framework/src/Illuminate/Database/Query/Processors/Processor.php(30): Illuminate\Database\Connection->insert('insert into `st...', Array)
#4 /wxt/websites/math/test/dptcms_base/vendor/laravel/framework/src/Illuminate/Database/Query/Builder.php(1910): Illuminate\Database\Query\Processors\Processor->processInsertGetId(Object(Illuminate\Database\Query\Builder), 'insert into `st...', Array, 'id')
#5 [internal function]: Illuminate\Database\Query\Builder->insertGetId(Array, 'id')
#6 /wxt/websites/math/test/dptcms_base/vendor/laravel/framework/src/Illuminate/Database/Eloquent/Builder.php(972): call_user_func_array(Array, Array)
#7 /wxt/websites/math/test/dptcms_base/vendor/laravel/framework/src/Illuminate/Database/Eloquent/Model.php(1580): Illuminate\Database\Eloquent\Builder->__call('insertGetId', Array)
#8 /wxt/websites/math/test/dptcms_base/vendor/laravel/framework/src/Illuminate/Database/Eloquent/Model.php(1580): Illuminate\Database\Eloquent\Builder->insertGetId(Array, 'id')
#9 /wxt/websites/math/test/dptcms_base/vendor/laravel/framework/src/Illuminate/Database/Eloquent/Model.php(1550): Illuminate\Database\Eloquent\Model->insertAndSetId(Object(Illuminate\Database\Eloquent\Builder), Array)
#10 /wxt/websites/math/test/dptcms_base/vendor/laravel/framework/src/Illuminate/Database/Eloquent/Model.php(1456): Illuminate\Database\Eloquent\Model->performInsert(Object(Illuminate\Database\Eloquent\Builder), Array)
#11 /wxt/websites/math/test/dptcms_base/app/controllers/StudentController.php(158): Illuminate\Database\Eloquent\Model->save()
#12 [internal function]: StudentController->postImport('2')
#13 /wxt/websites/math/test/dptcms_base/vendor/laravel/framework/src/Illuminate/Routing/Controller.php(231): call_user_func_array(Array, Array)
#14 /wxt/websites/math/test/dptcms_base/vendor/laravel/framework/src/Illuminate/Routing/ControllerDispatcher.php(93): Illuminate\Routing\Controller->callAction('postImport', Array)
#15 /wxt/websites/math/test/dptcms_base/vendor/laravel/framework/src/Illuminate/Routing/ControllerDispatcher.php(62): Illuminate\Routing\ControllerDispatcher->call(Object(StudentController), Object(Illuminate\Routing\Route), 'postImport')
#16 /wxt/websites/math/test/dptcms_base/vendor/laravel/framework/src/Illuminate/Routing/Router.php(967): Illuminate\Routing\ControllerDispatcher->dispatch(Object(Illuminate\Routing\Route), Object(Illuminate\Http\Request), 'StudentControll...', 'postImport')
#17 [internal function]: Illuminate\Routing\Router->Illuminate\Routing\{closure}('2')
#18 /wxt/websites/math/test/dptcms_base/vendor/laravel/framework/src/Illuminate/Routing/Route.php(109): call_user_func_array(Object(Closure), Array)
#19 /wxt/websites/math/test/dptcms_base/vendor/laravel/framework/src/Illuminate/Routing/Router.php(1033): Illuminate\Routing\Route->run(Object(Illuminate\Http\Request))
#20 /wxt/websites/math/test/dptcms_base/vendor/laravel/framework/src/Illuminate/Routing/Router.php(1001): Illuminate\Routing\Router->dispatchToRoute(Object(Illuminate\Http\Request))
#21 /wxt/websites/math/test/dptcms_base/vendor/laravel/framework/src/Illuminate/Foundation/Application.php(781): Illuminate\Routing\Router->dispatch(Object(Illuminate\Http\Request))
#22 /wxt/websites/math/test/dptcms_base/vendor/laravel/framework/src/Illuminate/Foundation/Application.php(745): Illuminate\Foundation\Application->dispatch(Object(Illuminate\Http\Request))
#23 /wxt/websites/math/test/dptcms_base/vendor/laravel/framework/src/Illuminate/Session/Middleware.php(72): Illuminate\Foundation\Application->handle(Object(Illuminate\Http\Request), 1, true)
#24 /wxt/websites/math/test/dptcms_base/vendor/laravel/framework/src/Illuminate/Cookie/Queue.php(47): Illuminate\Session\Middleware->handle(Object(Illuminate\Http\Request), 1, true)
#25 /wxt/websites/math/test/dptcms_base/vendor/laravel/framework/src/Illuminate/Cookie/Guard.php(51): Illuminate\Cookie\Queue->handle(Object(Illuminate\Http\Request), 1, true)
#26 /wxt/websites/math/test/dptcms_base/vendor/stack/builder/src/Stack/StackedHttpKernel.php(23): Illuminate\Cookie\Guard->handle(Object(Illuminate\Http\Request), 1, true)
#27 /wxt/websites/math/test/dptcms_base/vendor/laravel/framework/src/Illuminate/Foundation/Application.php(641): Stack\StackedHttpKernel->handle(Object(Illuminate\Http\Request))
#28 /wxt/websites/math/test/index.php(49): Illuminate\Foundation\Application->run()
#29 {main} [] []
[2017-09-26 04:26:44] production.ERROR: exception 'PDOException' with message 'SQLSTATE[23000]: Integrity constraint violation: 1048 Column 'student_rollno' cannot be null' in /wxt/websites/math/test/dptcms_base/vendor/laravel/framework/src/Illuminate/Database/Connection.php:369
Stack trace:
#0 /wxt/websites/math/test/dptcms_base/vendor/laravel/framework/src/Illuminate/Database/Connection.php(369): PDOStatement->execute(Array)
#1 /wxt/websites/math/test/dptcms_base/vendor/laravel/framework/src/Illuminate/Database/Connection.php(623): Illuminate\Database\Connection->Illuminate\Database\{closure}(Object(Illuminate\Database\MySqlConnection), 'insert into `st...', Array)
#2 /wxt/websites/math/test/dptcms_base/vendor/laravel/framework/src/Illuminate/Database/Connection.php(587): Illuminate\Database\Connection->runQueryCallback('insert into `st...', Array, Object(Closure))
#3 /wxt/websites/math/test/dptcms_base/vendor/laravel/framework/src/Illuminate/Database/Connection.php(370): Illuminate\Database\Connection->run('insert into `st...', Array, Object(Closure))
#4 /wxt/websites/math/test/dptcms_base/vendor/laravel/framework/src/Illuminate/Database/Connection.php(327): Illuminate\Database\Connection->statement('insert into `st...', Array)
#5 /wxt/websites/math/test/dptcms_base/vendor/laravel/framework/src/Illuminate/Database/Query/Processors/Processor.php(30): Illuminate\Database\Connection->insert('insert into `st...', Array)
#6 /wxt/websites/math/test/dptcms_base/vendor/laravel/framework/src/Illuminate/Database/Query/Builder.php(1910): Illuminate\Database\Query\Processors\Processor->processInsertGetId(Object(Illuminate\Database\Query\Builder), 'insert into `st...', Array, 'id')
#7 [internal function]: Illuminate\Database\Query\Builder->insertGetId(Array, 'id')
#8 /wxt/websites/math/test/dptcms_base/vendor/laravel/framework/src/Illuminate/Database/Eloquent/Builder.php(972): call_user_func_array(Array, Array)
#9 /wxt/websites/math/test/dptcms_base/vendor/laravel/framework/src/Illuminate/Database/Eloquent/Model.php(1580): Illuminate\Database\Eloquent\Builder->__call('insertGetId', Array)
#10 /wxt/websites/math/test/dptcms_base/vendor/laravel/framework/src/Illuminate/Database/Eloquent/Model.php(1580): Illuminate\Database\Eloquent\Builder->insertGetId(Array, 'id')
#11 /wxt/websites/math/test/dptcms_base/vendor/laravel/framework/src/Illuminate/Database/Eloquent/Model.php(1550): Illuminate\Database\Eloquent\Model->insertAndSetId(Object(Illuminate\Database\Eloquent\Builder), Array)
#12 /wxt/websites/math/test/dptcms_base/vendor/laravel/framework/src/Illuminate/Database/Eloquent/Model.php(1456): Illuminate\Database\Eloquent\Model->performInsert(Object(Illuminate\Database\Eloquent\Builder), Array)
#13 /wxt/websites/math/test/dptcms_base/app/controllers/StudentController.php(158): Illuminate\Database\Eloquent\Model->save()
#14 [internal function]: StudentController->postImport('2')
#15 /wxt/websites/math/test/dptcms_base/vendor/laravel/framework/src/Illuminate/Routing/Controller.php(231): call_user_func_array(Array, Array)
#16 /wxt/websites/math/test/dptcms_base/vendor/laravel/framework/src/Illuminate/Routing/ControllerDispatcher.php(93): Illuminate\Routing\Controller->callAction('postImport', Array)
#17 /wxt/websites/math/test/dptcms_base/vendor/laravel/framework/src/Illuminate/Routing/ControllerDispatcher.php(62): Illuminate\Routing\ControllerDispatcher->call(Object(StudentController), Object(Illuminate\Routing\Route), 'postImport')
#18 /wxt/websites/math/test/dptcms_base/vendor/laravel/framework/src/Illuminate/Routing/Router.php(967): Illuminate\Routing\ControllerDispatcher->dispatch(Object(Illuminate\Routing\Route), Object(Illuminate\Http\Request), 'StudentControll...', 'postImport')
#19 [internal function]: Illuminate\Routing\Router->Illuminate\Routing\{closure}('2')
#20 /wxt/websites/math/test/dptcms_base/vendor/laravel/framework/src/Illuminate/Routing/Route.php(109): call_user_func_array(Object(Closure), Array)
#21 /wxt/websites/math/test/dptcms_base/vendor/laravel/framework/src/Illuminate/Routing/Router.php(1033): Illuminate\Routing\Route->run(Object(Illuminate\Http\Request))
#22 /wxt/websites/math/test/dptcms_base/vendor/laravel/framework/src/Illuminate/Routing/Router.php(1001): Illuminate\Routing\Router->dispatchToRoute(Object(Illuminate\Http\Request))
#23 /wxt/websites/math/test/dptcms_base/vendor/laravel/framework/src/Illuminate/Foundation/Application.php(781): Illuminate\Routing\Router->dispatch(Object(Illuminate\Http\Request))
#24 /wxt/websites/math/test/dptcms_base/vendor/laravel/framework/src/Illuminate/Foundation/Application.php(745): Illuminate\Foundation\Application->dispatch(Object(Illuminate\Http\Request))
#25 /wxt/websites/math/test/dptcms_base/vendor/laravel/framework/src/Illuminate/Session/Middleware.php(72): Illuminate\Foundation\Application->handle(Object(Illuminate\Http\Request), 1, true)
#26 /wxt/websites/math/test/dptcms_base/vendor/laravel/framework/src/Illuminate/Cookie/Queue.php(47): Illuminate\Session\Middleware->handle(Object(Illuminate\Http\Request), 1, true)
#27 /wxt/websites/math/test/dptcms_base/vendor/laravel/framework/src/Illuminate/Cookie/Guard.php(51): Illuminate\Cookie\Queue->handle(Object(Illuminate\Http\Request), 1, true)
#28 /wxt/websites/math/test/dptcms_base/vendor/stack/builder/src/Stack/StackedHttpKernel.php(23): Illuminate\Cookie\Guard->handle(Object(Illuminate\Http\Request), 1, true)
#29 /wxt/websites/math/test/dptcms_base/vendor/laravel/framework/src/Illuminate/Foundation/Application.php(641): Stack\StackedHttpKernel->handle(Object(Illuminate\Http\Request))
#30 /wxt/websites/math/test/index.php(49): Illuminate\Foundation\Application->run()
#31 {main}

Next exception 'Illuminate\Database\QueryException' with message 'SQLSTATE[23000]: Integrity constraint violation: 1048 Column 'student_rollno' cannot be null (SQL: insert into `students` (`student_program_id`, `student_name`, `student_rollno`, `student_year`, `student_added_by`, `updated_at`, `created_at`) values (2,  , , , 14, 2017-09-26 04:26:44, 2017-09-26 04:26:44))' in /wxt/websites/math/test/dptcms_base/vendor/laravel/framework/src/Illuminate/Database/Connection.php:631
Stack trace:
#0 /wxt/websites/math/test/dptcms_base/vendor/laravel/framework/src/Illuminate/Database/Connection.php(587): Illuminate\Database\Connection->runQueryCallback('insert into `st...', Array, Object(Closure))
#1 /wxt/websites/math/test/dptcms_base/vendor/laravel/framework/src/Illuminate/Database/Connection.php(370): Illuminate\Database\Connection->run('insert into `st...', Array, Object(Closure))
#2 /wxt/websites/math/test/dptcms_base/vendor/laravel/framework/src/Illuminate/Database/Connection.php(327): Illuminate\Database\Connection->statement('insert into `st...', Array)
#3 /wxt/websites/math/test/dptcms_base/vendor/laravel/framework/src/Illuminate/Database/Query/Processors/Processor.php(30): Illuminate\Database\Connection->insert('insert into `st...', Array)
#4 /wxt/websites/math/test/dptcms_base/vendor/laravel/framework/src/Illuminate/Database/Query/Builder.php(1910): Illuminate\Database\Query\Processors\Processor->processInsertGetId(Object(Illuminate\Database\Query\Builder), 'insert into `st...', Array, 'id')
#5 [internal function]: Illuminate\Database\Query\Builder->insertGetId(Array, 'id')
#6 /wxt/websites/math/test/dptcms_base/vendor/laravel/framework/src/Illuminate/Database/Eloquent/Builder.php(972): call_user_func_array(Array, Array)
#7 /wxt/websites/math/test/dptcms_base/vendor/laravel/framework/src/Illuminate/Database/Eloquent/Model.php(1580): Illuminate\Database\Eloquent\Builder->__call('insertGetId', Array)
#8 /wxt/websites/math/test/dptcms_base/vendor/laravel/framework/src/Illuminate/Database/Eloquent/Model.php(1580): Illuminate\Database\Eloquent\Builder->insertGetId(Array, 'id')
#9 /wxt/websites/math/test/dptcms_base/vendor/laravel/framework/src/Illuminate/Database/Eloquent/Model.php(1550): Illuminate\Database\Eloquent\Model->insertAndSetId(Object(Illuminate\Database\Eloquent\Builder), Array)
#10 /wxt/websites/math/test/dptcms_base/vendor/laravel/framework/src/Illuminate/Database/Eloquent/Model.php(1456): Illuminate\Database\Eloquent\Model->performInsert(Object(Illuminate\Database\Eloquent\Builder), Array)
#11 /wxt/websites/math/test/dptcms_base/app/controllers/StudentController.php(158): Illuminate\Database\Eloquent\Model->save()
#12 [internal function]: StudentController->postImport('2')
#13 /wxt/websites/math/test/dptcms_base/vendor/laravel/framework/src/Illuminate/Routing/Controller.php(231): call_user_func_array(Array, Array)
#14 /wxt/websites/math/test/dptcms_base/vendor/laravel/framework/src/Illuminate/Routing/ControllerDispatcher.php(93): Illuminate\Routing\Controller->callAction('postImport', Array)
#15 /wxt/websites/math/test/dptcms_base/vendor/laravel/framework/src/Illuminate/Routing/ControllerDispatcher.php(62): Illuminate\Routing\ControllerDispatcher->call(Object(StudentController), Object(Illuminate\Routing\Route), 'postImport')
#16 /wxt/websites/math/test/dptcms_base/vendor/laravel/framework/src/Illuminate/Routing/Router.php(967): Illuminate\Routing\ControllerDispatcher->dispatch(Object(Illuminate\Routing\Route), Object(Illuminate\Http\Request), 'StudentControll...', 'postImport')
#17 [internal function]: Illuminate\Routing\Router->Illuminate\Routing\{closure}('2')
#18 /wxt/websites/math/test/dptcms_base/vendor/laravel/framework/src/Illuminate/Routing/Route.php(109): call_user_func_array(Object(Closure), Array)
#19 /wxt/websites/math/test/dptcms_base/vendor/laravel/framework/src/Illuminate/Routing/Router.php(1033): Illuminate\Routing\Route->run(Object(Illuminate\Http\Request))
#20 /wxt/websites/math/test/dptcms_base/vendor/laravel/framework/src/Illuminate/Routing/Router.php(1001): Illuminate\Routing\Router->dispatchToRoute(Object(Illuminate\Http\Request))
#21 /wxt/websites/math/test/dptcms_base/vendor/laravel/framework/src/Illuminate/Foundation/Application.php(781): Illuminate\Routing\Router->dispatch(Object(Illuminate\Http\Request))
#22 /wxt/websites/math/test/dptcms_base/vendor/laravel/framework/src/Illuminate/Foundation/Application.php(745): Illuminate\Foundation\Application->dispatch(Object(Illuminate\Http\Request))
#23 /wxt/websites/math/test/dptcms_base/vendor/laravel/framework/src/Illuminate/Session/Middleware.php(72): Illuminate\Foundation\Application->handle(Object(Illuminate\Http\Request), 1, true)
#24 /wxt/websites/math/test/dptcms_base/vendor/laravel/framework/src/Illuminate/Cookie/Queue.php(47): Illuminate\Session\Middleware->handle(Object(Illuminate\Http\Request), 1, true)
#25 /wxt/websites/math/test/dptcms_base/vendor/laravel/framework/src/Illuminate/Cookie/Guard.php(51): Illuminate\Cookie\Queue->handle(Object(Illuminate\Http\Request), 1, true)
#26 /wxt/websites/math/test/dptcms_base/vendor/stack/builder/src/Stack/StackedHttpKernel.php(23): Illuminate\Cookie\Guard->handle(Object(Illuminate\Http\Request), 1, true)
#27 /wxt/websites/math/test/dptcms_base/vendor/laravel/framework/src/Illuminate/Foundation/Application.php(641): Stack\StackedHttpKernel->handle(Object(Illuminate\Http\Request))
#28 /wxt/websites/math/test/index.php(49): Illuminate\Foundation\Application->run()
#29 {main} [] []
[2017-09-26 04:30:56] production.ERROR: exception 'PDOException' with message 'SQLSTATE[23000]: Integrity constraint violation: 1048 Column 'student_rollno' cannot be null' in /wxt/websites/math/test/dptcms_base/vendor/laravel/framework/src/Illuminate/Database/Connection.php:369
Stack trace:
#0 /wxt/websites/math/test/dptcms_base/vendor/laravel/framework/src/Illuminate/Database/Connection.php(369): PDOStatement->execute(Array)
#1 /wxt/websites/math/test/dptcms_base/vendor/laravel/framework/src/Illuminate/Database/Connection.php(623): Illuminate\Database\Connection->Illuminate\Database\{closure}(Object(Illuminate\Database\MySqlConnection), 'insert into `st...', Array)
#2 /wxt/websites/math/test/dptcms_base/vendor/laravel/framework/src/Illuminate/Database/Connection.php(587): Illuminate\Database\Connection->runQueryCallback('insert into `st...', Array, Object(Closure))
#3 /wxt/websites/math/test/dptcms_base/vendor/laravel/framework/src/Illuminate/Database/Connection.php(370): Illuminate\Database\Connection->run('insert into `st...', Array, Object(Closure))
#4 /wxt/websites/math/test/dptcms_base/vendor/laravel/framework/src/Illuminate/Database/Connection.php(327): Illuminate\Database\Connection->statement('insert into `st...', Array)
#5 /wxt/websites/math/test/dptcms_base/vendor/laravel/framework/src/Illuminate/Database/Query/Processors/Processor.php(30): Illuminate\Database\Connection->insert('insert into `st...', Array)
#6 /wxt/websites/math/test/dptcms_base/vendor/laravel/framework/src/Illuminate/Database/Query/Builder.php(1910): Illuminate\Database\Query\Processors\Processor->processInsertGetId(Object(Illuminate\Database\Query\Builder), 'insert into `st...', Array, 'id')
#7 [internal function]: Illuminate\Database\Query\Builder->insertGetId(Array, 'id')
#8 /wxt/websites/math/test/dptcms_base/vendor/laravel/framework/src/Illuminate/Database/Eloquent/Builder.php(972): call_user_func_array(Array, Array)
#9 /wxt/websites/math/test/dptcms_base/vendor/laravel/framework/src/Illuminate/Database/Eloquent/Model.php(1580): Illuminate\Database\Eloquent\Builder->__call('insertGetId', Array)
#10 /wxt/websites/math/test/dptcms_base/vendor/laravel/framework/src/Illuminate/Database/Eloquent/Model.php(1580): Illuminate\Database\Eloquent\Builder->insertGetId(Array, 'id')
#11 /wxt/websites/math/test/dptcms_base/vendor/laravel/framework/src/Illuminate/Database/Eloquent/Model.php(1550): Illuminate\Database\Eloquent\Model->insertAndSetId(Object(Illuminate\Database\Eloquent\Builder), Array)
#12 /wxt/websites/math/test/dptcms_base/vendor/laravel/framework/src/Illuminate/Database/Eloquent/Model.php(1456): Illuminate\Database\Eloquent\Model->performInsert(Object(Illuminate\Database\Eloquent\Builder), Array)
#13 /wxt/websites/math/test/dptcms_base/app/controllers/StudentController.php(158): Illuminate\Database\Eloquent\Model->save()
#14 [internal function]: StudentController->postImport('2')
#15 /wxt/websites/math/test/dptcms_base/vendor/laravel/framework/src/Illuminate/Routing/Controller.php(231): call_user_func_array(Array, Array)
#16 /wxt/websites/math/test/dptcms_base/vendor/laravel/framework/src/Illuminate/Routing/ControllerDispatcher.php(93): Illuminate\Routing\Controller->callAction('postImport', Array)
#17 /wxt/websites/math/test/dptcms_base/vendor/laravel/framework/src/Illuminate/Routing/ControllerDispatcher.php(62): Illuminate\Routing\ControllerDispatcher->call(Object(StudentController), Object(Illuminate\Routing\Route), 'postImport')
#18 /wxt/websites/math/test/dptcms_base/vendor/laravel/framework/src/Illuminate/Routing/Router.php(967): Illuminate\Routing\ControllerDispatcher->dispatch(Object(Illuminate\Routing\Route), Object(Illuminate\Http\Request), 'StudentControll...', 'postImport')
#19 [internal function]: Illuminate\Routing\Router->Illuminate\Routing\{closure}('2')
#20 /wxt/websites/math/test/dptcms_base/vendor/laravel/framework/src/Illuminate/Routing/Route.php(109): call_user_func_array(Object(Closure), Array)
#21 /wxt/websites/math/test/dptcms_base/vendor/laravel/framework/src/Illuminate/Routing/Router.php(1033): Illuminate\Routing\Route->run(Object(Illuminate\Http\Request))
#22 /wxt/websites/math/test/dptcms_base/vendor/laravel/framework/src/Illuminate/Routing/Router.php(1001): Illuminate\Routing\Router->dispatchToRoute(Object(Illuminate\Http\Request))
#23 /wxt/websites/math/test/dptcms_base/vendor/laravel/framework/src/Illuminate/Foundation/Application.php(781): Illuminate\Routing\Router->dispatch(Object(Illuminate\Http\Request))
#24 /wxt/websites/math/test/dptcms_base/vendor/laravel/framework/src/Illuminate/Foundation/Application.php(745): Illuminate\Foundation\Application->dispatch(Object(Illuminate\Http\Request))
#25 /wxt/websites/math/test/dptcms_base/vendor/laravel/framework/src/Illuminate/Session/Middleware.php(72): Illuminate\Foundation\Application->handle(Object(Illuminate\Http\Request), 1, true)
#26 /wxt/websites/math/test/dptcms_base/vendor/laravel/framework/src/Illuminate/Cookie/Queue.php(47): Illuminate\Session\Middleware->handle(Object(Illuminate\Http\Request), 1, true)
#27 /wxt/websites/math/test/dptcms_base/vendor/laravel/framework/src/Illuminate/Cookie/Guard.php(51): Illuminate\Cookie\Queue->handle(Object(Illuminate\Http\Request), 1, true)
#28 /wxt/websites/math/test/dptcms_base/vendor/stack/builder/src/Stack/StackedHttpKernel.php(23): Illuminate\Cookie\Guard->handle(Object(Illuminate\Http\Request), 1, true)
#29 /wxt/websites/math/test/dptcms_base/vendor/laravel/framework/src/Illuminate/Foundation/Application.php(641): Stack\StackedHttpKernel->handle(Object(Illuminate\Http\Request))
#30 /wxt/websites/math/test/index.php(49): Illuminate\Foundation\Application->run()
#31 {main}

Next exception 'Illuminate\Database\QueryException' with message 'SQLSTATE[23000]: Integrity constraint violation: 1048 Column 'student_rollno' cannot be null (SQL: insert into `students` (`student_program_id`, `student_name`, `student_rollno`, `student_year`, `student_added_by`, `updated_at`, `created_at`) values (2,  , , , 14, 2017-09-26 04:30:56, 2017-09-26 04:30:56))' in /wxt/websites/math/test/dptcms_base/vendor/laravel/framework/src/Illuminate/Database/Connection.php:631
Stack trace:
#0 /wxt/websites/math/test/dptcms_base/vendor/laravel/framework/src/Illuminate/Database/Connection.php(587): Illuminate\Database\Connection->runQueryCallback('insert into `st...', Array, Object(Closure))
#1 /wxt/websites/math/test/dptcms_base/vendor/laravel/framework/src/Illuminate/Database/Connection.php(370): Illuminate\Database\Connection->run('insert into `st...', Array, Object(Closure))
#2 /wxt/websites/math/test/dptcms_base/vendor/laravel/framework/src/Illuminate/Database/Connection.php(327): Illuminate\Database\Connection->statement('insert into `st...', Array)
#3 /wxt/websites/math/test/dptcms_base/vendor/laravel/framework/src/Illuminate/Database/Query/Processors/Processor.php(30): Illuminate\Database\Connection->insert('insert into `st...', Array)
#4 /wxt/websites/math/test/dptcms_base/vendor/laravel/framework/src/Illuminate/Database/Query/Builder.php(1910): Illuminate\Database\Query\Processors\Processor->processInsertGetId(Object(Illuminate\Database\Query\Builder), 'insert into `st...', Array, 'id')
#5 [internal function]: Illuminate\Database\Query\Builder->insertGetId(Array, 'id')
#6 /wxt/websites/math/test/dptcms_base/vendor/laravel/framework/src/Illuminate/Database/Eloquent/Builder.php(972): call_user_func_array(Array, Array)
#7 /wxt/websites/math/test/dptcms_base/vendor/laravel/framework/src/Illuminate/Database/Eloquent/Model.php(1580): Illuminate\Database\Eloquent\Builder->__call('insertGetId', Array)
#8 /wxt/websites/math/test/dptcms_base/vendor/laravel/framework/src/Illuminate/Database/Eloquent/Model.php(1580): Illuminate\Database\Eloquent\Builder->insertGetId(Array, 'id')
#9 /wxt/websites/math/test/dptcms_base/vendor/laravel/framework/src/Illuminate/Database/Eloquent/Model.php(1550): Illuminate\Database\Eloquent\Model->insertAndSetId(Object(Illuminate\Database\Eloquent\Builder), Array)
#10 /wxt/websites/math/test/dptcms_base/vendor/laravel/framework/src/Illuminate/Database/Eloquent/Model.php(1456): Illuminate\Database\Eloquent\Model->performInsert(Object(Illuminate\Database\Eloquent\Builder), Array)
#11 /wxt/websites/math/test/dptcms_base/app/controllers/StudentController.php(158): Illuminate\Database\Eloquent\Model->save()
#12 [internal function]: StudentController->postImport('2')
#13 /wxt/websites/math/test/dptcms_base/vendor/laravel/framework/src/Illuminate/Routing/Controller.php(231): call_user_func_array(Array, Array)
#14 /wxt/websites/math/test/dptcms_base/vendor/laravel/framework/src/Illuminate/Routing/ControllerDispatcher.php(93): Illuminate\Routing\Controller->callAction('postImport', Array)
#15 /wxt/websites/math/test/dptcms_base/vendor/laravel/framework/src/Illuminate/Routing/ControllerDispatcher.php(62): Illuminate\Routing\ControllerDispatcher->call(Object(StudentController), Object(Illuminate\Routing\Route), 'postImport')
#16 /wxt/websites/math/test/dptcms_base/vendor/laravel/framework/src/Illuminate/Routing/Router.php(967): Illuminate\Routing\ControllerDispatcher->dispatch(Object(Illuminate\Routing\Route), Object(Illuminate\Http\Request), 'StudentControll...', 'postImport')
#17 [internal function]: Illuminate\Routing\Router->Illuminate\Routing\{closure}('2')
#18 /wxt/websites/math/test/dptcms_base/vendor/laravel/framework/src/Illuminate/Routing/Route.php(109): call_user_func_array(Object(Closure), Array)
#19 /wxt/websites/math/test/dptcms_base/vendor/laravel/framework/src/Illuminate/Routing/Router.php(1033): Illuminate\Routing\Route->run(Object(Illuminate\Http\Request))
#20 /wxt/websites/math/test/dptcms_base/vendor/laravel/framework/src/Illuminate/Routing/Router.php(1001): Illuminate\Routing\Router->dispatchToRoute(Object(Illuminate\Http\Request))
#21 /wxt/websites/math/test/dptcms_base/vendor/laravel/framework/src/Illuminate/Foundation/Application.php(781): Illuminate\Routing\Router->dispatch(Object(Illuminate\Http\Request))
#22 /wxt/websites/math/test/dptcms_base/vendor/laravel/framework/src/Illuminate/Foundation/Application.php(745): Illuminate\Foundation\Application->dispatch(Object(Illuminate\Http\Request))
#23 /wxt/websites/math/test/dptcms_base/vendor/laravel/framework/src/Illuminate/Session/Middleware.php(72): Illuminate\Foundation\Application->handle(Object(Illuminate\Http\Request), 1, true)
#24 /wxt/websites/math/test/dptcms_base/vendor/laravel/framework/src/Illuminate/Cookie/Queue.php(47): Illuminate\Session\Middleware->handle(Object(Illuminate\Http\Request), 1, true)
#25 /wxt/websites/math/test/dptcms_base/vendor/laravel/framework/src/Illuminate/Cookie/Guard.php(51): Illuminate\Cookie\Queue->handle(Object(Illuminate\Http\Request), 1, true)
#26 /wxt/websites/math/test/dptcms_base/vendor/stack/builder/src/Stack/StackedHttpKernel.php(23): Illuminate\Cookie\Guard->handle(Object(Illuminate\Http\Request), 1, true)
#27 /wxt/websites/math/test/dptcms_base/vendor/laravel/framework/src/Illuminate/Foundation/Application.php(641): Stack\StackedHttpKernel->handle(Object(Illuminate\Http\Request))
#28 /wxt/websites/math/test/index.php(49): Illuminate\Foundation\Application->run()
#29 {main} [] []
[2017-09-26 04:40:00] production.ERROR: exception 'ErrorException' with message 'Trying to get property of non-object' in /wxt/websites/math/test/dptcms_base/app/storage/views/84235868840f0591943e7044347526ea:95
Stack trace:
#0 /wxt/websites/math/test/dptcms_base/app/storage/views/84235868840f0591943e7044347526ea(95): Illuminate\Exception\Handler->handleError(8, 'Trying to get p...', '/wxt/websites/m...', 95, Array)
#1 /wxt/websites/math/test/dptcms_base/vendor/laravel/framework/src/Illuminate/View/Engines/PhpEngine.php(37): include('/wxt/websites/m...')
#2 /wxt/websites/math/test/dptcms_base/vendor/laravel/framework/src/Illuminate/View/Engines/CompilerEngine.php(57): Illuminate\View\Engines\PhpEngine->evaluatePath('/wxt/websites/m...', Array)
#3 /wxt/websites/math/test/dptcms_base/vendor/laravel/framework/src/Illuminate/View/View.php(140): Illuminate\View\Engines\CompilerEngine->get('/wxt/websites/m...', Array)
#4 /wxt/websites/math/test/dptcms_base/vendor/laravel/framework/src/Illuminate/View/View.php(109): Illuminate\View\View->getContents()
#5 /wxt/websites/math/test/dptcms_base/vendor/laravel/framework/src/Illuminate/View/View.php(78): Illuminate\View\View->renderContents()
#6 /wxt/websites/math/test/dptcms_base/app/storage/views/dae763fd273d71189d5f67d8c91f7514(63): Illuminate\View\View->render()
#7 /wxt/websites/math/test/dptcms_base/vendor/laravel/framework/src/Illuminate/View/Engines/PhpEngine.php(37): include('/wxt/websites/m...')
#8 /wxt/websites/math/test/dptcms_base/vendor/laravel/framework/src/Illuminate/View/Engines/CompilerEngine.php(57): Illuminate\View\Engines\PhpEngine->evaluatePath('/wxt/websites/m...', Array)
#9 /wxt/websites/math/test/dptcms_base/vendor/laravel/framework/src/Illuminate/View/View.php(140): Illuminate\View\Engines\CompilerEngine->get('/wxt/websites/m...', Array)
#10 /wxt/websites/math/test/dptcms_base/vendor/laravel/framework/src/Illuminate/View/View.php(109): Illuminate\View\View->getContents()
#11 /wxt/websites/math/test/dptcms_base/vendor/laravel/framework/src/Illuminate/View/View.php(78): Illuminate\View\View->renderContents()
#12 /wxt/websites/math/test/dptcms_base/vendor/laravel/framework/src/Illuminate/Http/Response.php(43): Illuminate\View\View->render()
#13 /wxt/websites/math/test/dptcms_base/vendor/symfony/http-foundation/Response.php(202): Illuminate\Http\Response->setContent(Object(Illuminate\View\View))
#14 /wxt/websites/math/test/dptcms_base/vendor/laravel/framework/src/Illuminate/Routing/Router.php(1501): Symfony\Component\HttpFoundation\Response->__construct(Object(Illuminate\View\View))
#15 /wxt/websites/math/test/dptcms_base/vendor/laravel/framework/src/Illuminate/Routing/Router.php(1036): Illuminate\Routing\Router->prepareResponse(Object(Illuminate\Http\Request), Object(Illuminate\View\View))
#16 /wxt/websites/math/test/dptcms_base/vendor/laravel/framework/src/Illuminate/Routing/Router.php(1001): Illuminate\Routing\Router->dispatchToRoute(Object(Illuminate\Http\Request))
#17 /wxt/websites/math/test/dptcms_base/vendor/laravel/framework/src/Illuminate/Foundation/Application.php(781): Illuminate\Routing\Router->dispatch(Object(Illuminate\Http\Request))
#18 /wxt/websites/math/test/dptcms_base/vendor/laravel/framework/src/Illuminate/Foundation/Application.php(745): Illuminate\Foundation\Application->dispatch(Object(Illuminate\Http\Request))
#19 /wxt/websites/math/test/dptcms_base/vendor/laravel/framework/src/Illuminate/Session/Middleware.php(72): Illuminate\Foundation\Application->handle(Object(Illuminate\Http\Request), 1, true)
#20 /wxt/websites/math/test/dptcms_base/vendor/laravel/framework/src/Illuminate/Cookie/Queue.php(47): Illuminate\Session\Middleware->handle(Object(Illuminate\Http\Request), 1, true)
#21 /wxt/websites/math/test/dptcms_base/vendor/laravel/framework/src/Illuminate/Cookie/Guard.php(51): Illuminate\Cookie\Queue->handle(Object(Illuminate\Http\Request), 1, true)
#22 /wxt/websites/math/test/dptcms_base/vendor/stack/builder/src/Stack/StackedHttpKernel.php(23): Illuminate\Cookie\Guard->handle(Object(Illuminate\Http\Request), 1, true)
#23 /wxt/websites/math/test/dptcms_base/vendor/laravel/framework/src/Illuminate/Foundation/Application.php(641): Stack\StackedHttpKernel->handle(Object(Illuminate\Http\Request))
#24 /wxt/websites/math/test/index.php(49): Illuminate\Foundation\Application->run()
#25 {main}

Next exception 'ErrorException' with message 'Trying to get property of non-object (View: /wxt/websites/math/test/dptcms_base/app/views/admin/layouts/main.blade.php)' in /wxt/websites/math/test/dptcms_base/app/storage/views/84235868840f0591943e7044347526ea:95
Stack trace:
#0 /wxt/websites/math/test/dptcms_base/vendor/laravel/framework/src/Illuminate/View/Engines/PhpEngine.php(41): Illuminate\View\Engines\CompilerEngine->handleViewException(Object(ErrorException), 1)
#1 /wxt/websites/math/test/dptcms_base/vendor/laravel/framework/src/Illuminate/View/Engines/CompilerEngine.php(57): Illuminate\View\Engines\PhpEngine->evaluatePath('/wxt/websites/m...', Array)
#2 /wxt/websites/math/test/dptcms_base/vendor/laravel/framework/src/Illuminate/View/View.php(140): Illuminate\View\Engines\CompilerEngine->get('/wxt/websites/m...', Array)
#3 /wxt/websites/math/test/dptcms_base/vendor/laravel/framework/src/Illuminate/View/View.php(109): Illuminate\View\View->getContents()
#4 /wxt/websites/math/test/dptcms_base/vendor/laravel/framework/src/Illuminate/View/View.php(78): Illuminate\View\View->renderContents()
#5 /wxt/websites/math/test/dptcms_base/app/storage/views/dae763fd273d71189d5f67d8c91f7514(63): Illuminate\View\View->render()
#6 /wxt/websites/math/test/dptcms_base/vendor/laravel/framework/src/Illuminate/View/Engines/PhpEngine.php(37): include('/wxt/websites/m...')
#7 /wxt/websites/math/test/dptcms_base/vendor/laravel/framework/src/Illuminate/View/Engines/CompilerEngine.php(57): Illuminate\View\Engines\PhpEngine->evaluatePath('/wxt/websites/m...', Array)
#8 /wxt/websites/math/test/dptcms_base/vendor/laravel/framework/src/Illuminate/View/View.php(140): Illuminate\View\Engines\CompilerEngine->get('/wxt/websites/m...', Array)
#9 /wxt/websites/math/test/dptcms_base/vendor/laravel/framework/src/Illuminate/View/View.php(109): Illuminate\View\View->getContents()
#10 /wxt/websites/math/test/dptcms_base/vendor/laravel/framework/src/Illuminate/View/View.php(78): Illuminate\View\View->renderContents()
#11 /wxt/websites/math/test/dptcms_base/vendor/laravel/framework/src/Illuminate/Http/Response.php(43): Illuminate\View\View->render()
#12 /wxt/websites/math/test/dptcms_base/vendor/symfony/http-foundation/Response.php(202): Illuminate\Http\Response->setContent(Object(Illuminate\View\View))
#13 /wxt/websites/math/test/dptcms_base/vendor/laravel/framework/src/Illuminate/Routing/Router.php(1501): Symfony\Component\HttpFoundation\Response->__construct(Object(Illuminate\View\View))
#14 /wxt/websites/math/test/dptcms_base/vendor/laravel/framework/src/Illuminate/Routing/Router.php(1036): Illuminate\Routing\Router->prepareResponse(Object(Illuminate\Http\Request), Object(Illuminate\View\View))
#15 /wxt/websites/math/test/dptcms_base/vendor/laravel/framework/src/Illuminate/Routing/Router.php(1001): Illuminate\Routing\Router->dispatchToRoute(Object(Illuminate\Http\Request))
#16 /wxt/websites/math/test/dptcms_base/vendor/laravel/framework/src/Illuminate/Foundation/Application.php(781): Illuminate\Routing\Router->dispatch(Object(Illuminate\Http\Request))
#17 /wxt/websites/math/test/dptcms_base/vendor/laravel/framework/src/Illuminate/Foundation/Application.php(745): Illuminate\Foundation\Application->dispatch(Object(Illuminate\Http\Request))
#18 /wxt/websites/math/test/dptcms_base/vendor/laravel/framework/src/Illuminate/Session/Middleware.php(72): Illuminate\Foundation\Application->handle(Object(Illuminate\Http\Request), 1, true)
#19 /wxt/websites/math/test/dptcms_base/vendor/laravel/framework/src/Illuminate/Cookie/Queue.php(47): Illuminate\Session\Middleware->handle(Object(Illuminate\Http\Request), 1, true)
#20 /wxt/websites/math/test/dptcms_base/vendor/laravel/framework/src/Illuminate/Cookie/Guard.php(51): Illuminate\Cookie\Queue->handle(Object(Illuminate\Http\Request), 1, true)
#21 /wxt/websites/math/test/dptcms_base/vendor/stack/builder/src/Stack/StackedHttpKernel.php(23): Illuminate\Cookie\Guard->handle(Object(Illuminate\Http\Request), 1, true)
#22 /wxt/websites/math/test/dptcms_base/vendor/laravel/framework/src/Illuminate/Foundation/Application.php(641): Stack\StackedHttpKernel->handle(Object(Illuminate\Http\Request))
#23 /wxt/websites/math/test/index.php(49): Illuminate\Foundation\Application->run()
#24 {main}

Next exception 'ErrorException' with message 'Trying to get property of non-object (View: /wxt/websites/math/test/dptcms_base/app/views/admin/layouts/main.blade.php) (View: /wxt/websites/math/test/dptcms_base/app/views/admin/layouts/main.blade.php)' in /wxt/websites/math/test/dptcms_base/app/storage/views/84235868840f0591943e7044347526ea:95
Stack trace:
#0 /wxt/websites/math/test/dptcms_base/vendor/laravel/framework/src/Illuminate/View/Engines/PhpEngine.php(41): Illuminate\View\Engines\CompilerEngine->handleViewException(Object(ErrorException), 1)
#1 /wxt/websites/math/test/dptcms_base/vendor/laravel/framework/src/Illuminate/View/Engines/CompilerEngine.php(57): Illuminate\View\Engines\PhpEngine->evaluatePath('/wxt/websites/m...', Array)
#2 /wxt/websites/math/test/dptcms_base/vendor/laravel/framework/src/Illuminate/View/View.php(140): Illuminate\View\Engines\CompilerEngine->get('/wxt/websites/m...', Array)
#3 /wxt/websites/math/test/dptcms_base/vendor/laravel/framework/src/Illuminate/View/View.php(109): Illuminate\View\View->getContents()
#4 /wxt/websites/math/test/dptcms_base/vendor/laravel/framework/src/Illuminate/View/View.php(78): Illuminate\View\View->renderContents()
#5 /wxt/websites/math/test/dptcms_base/vendor/laravel/framework/src/Illuminate/Http/Response.php(43): Illuminate\View\View->render()
#6 /wxt/websites/math/test/dptcms_base/vendor/symfony/http-foundation/Response.php(202): Illuminate\Http\Response->setContent(Object(Illuminate\View\View))
#7 /wxt/websites/math/test/dptcms_base/vendor/laravel/framework/src/Illuminate/Routing/Router.php(1501): Symfony\Component\HttpFoundation\Response->__construct(Object(Illuminate\View\View))
#8 /wxt/websites/math/test/dptcms_base/vendor/laravel/framework/src/Illuminate/Routing/Router.php(1036): Illuminate\Routing\Router->prepareResponse(Object(Illuminate\Http\Request), Object(Illuminate\View\View))
#9 /wxt/websites/math/test/dptcms_base/vendor/laravel/framework/src/Illuminate/Routing/Router.php(1001): Illuminate\Routing\Router->dispatchToRoute(Object(Illuminate\Http\Request))
#10 /wxt/websites/math/test/dptcms_base/vendor/laravel/framework/src/Illuminate/Foundation/Application.php(781): Illuminate\Routing\Router->dispatch(Object(Illuminate\Http\Request))
#11 /wxt/websites/math/test/dptcms_base/vendor/laravel/framework/src/Illuminate/Foundation/Application.php(745): Illuminate\Foundation\Application->dispatch(Object(Illuminate\Http\Request))
#12 /wxt/websites/math/test/dptcms_base/vendor/laravel/framework/src/Illuminate/Session/Middleware.php(72): Illuminate\Foundation\Application->handle(Object(Illuminate\Http\Request), 1, true)
#13 /wxt/websites/math/test/dptcms_base/vendor/laravel/framework/src/Illuminate/Cookie/Queue.php(47): Illuminate\Session\Middleware->handle(Object(Illuminate\Http\Request), 1, true)
#14 /wxt/websites/math/test/dptcms_base/vendor/laravel/framework/src/Illuminate/Cookie/Guard.php(51): Illuminate\Cookie\Queue->handle(Object(Illuminate\Http\Request), 1, true)
#15 /wxt/websites/math/test/dptcms_base/vendor/stack/builder/src/Stack/StackedHttpKernel.php(23): Illuminate\Cookie\Guard->handle(Object(Illuminate\Http\Request), 1, true)
#16 /wxt/websites/math/test/dptcms_base/vendor/laravel/framework/src/Illuminate/Foundation/Application.php(641): Stack\StackedHttpKernel->handle(Object(Illuminate\Http\Request))
#17 /wxt/websites/math/test/index.php(49): Illuminate\Foundation\Application->run()
#18 {main} [] []
[2017-09-26 04:40:05] production.ERROR: exception 'ErrorException' with message 'Trying to get property of non-object' in /wxt/websites/math/test/dptcms_base/app/storage/views/84235868840f0591943e7044347526ea:95
Stack trace:
#0 /wxt/websites/math/test/dptcms_base/app/storage/views/84235868840f0591943e7044347526ea(95): Illuminate\Exception\Handler->handleError(8, 'Trying to get p...', '/wxt/websites/m...', 95, Array)
#1 /wxt/websites/math/test/dptcms_base/vendor/laravel/framework/src/Illuminate/View/Engines/PhpEngine.php(37): include('/wxt/websites/m...')
#2 /wxt/websites/math/test/dptcms_base/vendor/laravel/framework/src/Illuminate/View/Engines/CompilerEngine.php(57): Illuminate\View\Engines\PhpEngine->evaluatePath('/wxt/websites/m...', Array)
#3 /wxt/websites/math/test/dptcms_base/vendor/laravel/framework/src/Illuminate/View/View.php(140): Illuminate\View\Engines\CompilerEngine->get('/wxt/websites/m...', Array)
#4 /wxt/websites/math/test/dptcms_base/vendor/laravel/framework/src/Illuminate/View/View.php(109): Illuminate\View\View->getContents()
#5 /wxt/websites/math/test/dptcms_base/vendor/laravel/framework/src/Illuminate/View/View.php(78): Illuminate\View\View->renderContents()
#6 /wxt/websites/math/test/dptcms_base/app/storage/views/860316a27eded1ccc37978cc78f2a3ee(76): Illuminate\View\View->render()
#7 /wxt/websites/math/test/dptcms_base/vendor/laravel/framework/src/Illuminate/View/Engines/PhpEngine.php(37): include('/wxt/websites/m...')
#8 /wxt/websites/math/test/dptcms_base/vendor/laravel/framework/src/Illuminate/View/Engines/CompilerEngine.php(57): Illuminate\View\Engines\PhpEngine->evaluatePath('/wxt/websites/m...', Array)
#9 /wxt/websites/math/test/dptcms_base/vendor/laravel/framework/src/Illuminate/View/View.php(140): Illuminate\View\Engines\CompilerEngine->get('/wxt/websites/m...', Array)
#10 /wxt/websites/math/test/dptcms_base/vendor/laravel/framework/src/Illuminate/View/View.php(109): Illuminate\View\View->getContents()
#11 /wxt/websites/math/test/dptcms_base/vendor/laravel/framework/src/Illuminate/View/View.php(78): Illuminate\View\View->renderContents()
#12 /wxt/websites/math/test/dptcms_base/vendor/laravel/framework/src/Illuminate/Http/Response.php(43): Illuminate\View\View->render()
#13 /wxt/websites/math/test/dptcms_base/vendor/symfony/http-foundation/Response.php(202): Illuminate\Http\Response->setContent(Object(Illuminate\View\View))
#14 /wxt/websites/math/test/dptcms_base/vendor/laravel/framework/src/Illuminate/Routing/Router.php(1501): Symfony\Component\HttpFoundation\Response->__construct(Object(Illuminate\View\View))
#15 /wxt/websites/math/test/dptcms_base/vendor/laravel/framework/src/Illuminate/Routing/Router.php(1036): Illuminate\Routing\Router->prepareResponse(Object(Illuminate\Http\Request), Object(Illuminate\View\View))
#16 /wxt/websites/math/test/dptcms_base/vendor/laravel/framework/src/Illuminate/Routing/Router.php(1001): Illuminate\Routing\Router->dispatchToRoute(Object(Illuminate\Http\Request))
#17 /wxt/websites/math/test/dptcms_base/vendor/laravel/framework/src/Illuminate/Foundation/Application.php(781): Illuminate\Routing\Router->dispatch(Object(Illuminate\Http\Request))
#18 /wxt/websites/math/test/dptcms_base/vendor/laravel/framework/src/Illuminate/Foundation/Application.php(745): Illuminate\Foundation\Application->dispatch(Object(Illuminate\Http\Request))
#19 /wxt/websites/math/test/dptcms_base/vendor/laravel/framework/src/Illuminate/Session/Middleware.php(72): Illuminate\Foundation\Application->handle(Object(Illuminate\Http\Request), 1, true)
#20 /wxt/websites/math/test/dptcms_base/vendor/laravel/framework/src/Illuminate/Cookie/Queue.php(47): Illuminate\Session\Middleware->handle(Object(Illuminate\Http\Request), 1, true)
#21 /wxt/websites/math/test/dptcms_base/vendor/laravel/framework/src/Illuminate/Cookie/Guard.php(51): Illuminate\Cookie\Queue->handle(Object(Illuminate\Http\Request), 1, true)
#22 /wxt/websites/math/test/dptcms_base/vendor/stack/builder/src/Stack/StackedHttpKernel.php(23): Illuminate\Cookie\Guard->handle(Object(Illuminate\Http\Request), 1, true)
#23 /wxt/websites/math/test/dptcms_base/vendor/laravel/framework/src/Illuminate/Foundation/Application.php(641): Stack\StackedHttpKernel->handle(Object(Illuminate\Http\Request))
#24 /wxt/websites/math/test/index.php(49): Illuminate\Foundation\Application->run()
#25 {main}

Next exception 'ErrorException' with message 'Trying to get property of non-object (View: /wxt/websites/math/test/dptcms_base/app/views/admin/layouts/main.blade.php)' in /wxt/websites/math/test/dptcms_base/app/storage/views/84235868840f0591943e7044347526ea:95
Stack trace:
#0 /wxt/websites/math/test/dptcms_base/vendor/laravel/framework/src/Illuminate/View/Engines/PhpEngine.php(41): Illuminate\View\Engines\CompilerEngine->handleViewException(Object(ErrorException), 1)
#1 /wxt/websites/math/test/dptcms_base/vendor/laravel/framework/src/Illuminate/View/Engines/CompilerEngine.php(57): Illuminate\View\Engines\PhpEngine->evaluatePath('/wxt/websites/m...', Array)
#2 /wxt/websites/math/test/dptcms_base/vendor/laravel/framework/src/Illuminate/View/View.php(140): Illuminate\View\Engines\CompilerEngine->get('/wxt/websites/m...', Array)
#3 /wxt/websites/math/test/dptcms_base/vendor/laravel/framework/src/Illuminate/View/View.php(109): Illuminate\View\View->getContents()
#4 /wxt/websites/math/test/dptcms_base/vendor/laravel/framework/src/Illuminate/View/View.php(78): Illuminate\View\View->renderContents()
#5 /wxt/websites/math/test/dptcms_base/app/storage/views/860316a27eded1ccc37978cc78f2a3ee(76): Illuminate\View\View->render()
#6 /wxt/websites/math/test/dptcms_base/vendor/laravel/framework/src/Illuminate/View/Engines/PhpEngine.php(37): include('/wxt/websites/m...')
#7 /wxt/websites/math/test/dptcms_base/vendor/laravel/framework/src/Illuminate/View/Engines/CompilerEngine.php(57): Illuminate\View\Engines\PhpEngine->evaluatePath('/wxt/websites/m...', Array)
#8 /wxt/websites/math/test/dptcms_base/vendor/laravel/framework/src/Illuminate/View/View.php(140): Illuminate\View\Engines\CompilerEngine->get('/wxt/websites/m...', Array)
#9 /wxt/websites/math/test/dptcms_base/vendor/laravel/framework/src/Illuminate/View/View.php(109): Illuminate\View\View->getContents()
#10 /wxt/websites/math/test/dptcms_base/vendor/laravel/framework/src/Illuminate/View/View.php(78): Illuminate\View\View->renderContents()
#11 /wxt/websites/math/test/dptcms_base/vendor/laravel/framework/src/Illuminate/Http/Response.php(43): Illuminate\View\View->render()
#12 /wxt/websites/math/test/dptcms_base/vendor/symfony/http-foundation/Response.php(202): Illuminate\Http\Response->setContent(Object(Illuminate\View\View))
#13 /wxt/websites/math/test/dptcms_base/vendor/laravel/framework/src/Illuminate/Routing/Router.php(1501): Symfony\Component\HttpFoundation\Response->__construct(Object(Illuminate\View\View))
#14 /wxt/websites/math/test/dptcms_base/vendor/laravel/framework/src/Illuminate/Routing/Router.php(1036): Illuminate\Routing\Router->prepareResponse(Object(Illuminate\Http\Request), Object(Illuminate\View\View))
#15 /wxt/websites/math/test/dptcms_base/vendor/laravel/framework/src/Illuminate/Routing/Router.php(1001): Illuminate\Routing\Router->dispatchToRoute(Object(Illuminate\Http\Request))
#16 /wxt/websites/math/test/dptcms_base/vendor/laravel/framework/src/Illuminate/Foundation/Application.php(781): Illuminate\Routing\Router->dispatch(Object(Illuminate\Http\Request))
#17 /wxt/websites/math/test/dptcms_base/vendor/laravel/framework/src/Illuminate/Foundation/Application.php(745): Illuminate\Foundation\Application->dispatch(Object(Illuminate\Http\Request))
#18 /wxt/websites/math/test/dptcms_base/vendor/laravel/framework/src/Illuminate/Session/Middleware.php(72): Illuminate\Foundation\Application->handle(Object(Illuminate\Http\Request), 1, true)
#19 /wxt/websites/math/test/dptcms_base/vendor/laravel/framework/src/Illuminate/Cookie/Queue.php(47): Illuminate\Session\Middleware->handle(Object(Illuminate\Http\Request), 1, true)
#20 /wxt/websites/math/test/dptcms_base/vendor/laravel/framework/src/Illuminate/Cookie/Guard.php(51): Illuminate\Cookie\Queue->handle(Object(Illuminate\Http\Request), 1, true)
#21 /wxt/websites/math/test/dptcms_base/vendor/stack/builder/src/Stack/StackedHttpKernel.php(23): Illuminate\Cookie\Guard->handle(Object(Illuminate\Http\Request), 1, true)
#22 /wxt/websites/math/test/dptcms_base/vendor/laravel/framework/src/Illuminate/Foundation/Application.php(641): Stack\StackedHttpKernel->handle(Object(Illuminate\Http\Request))
#23 /wxt/websites/math/test/index.php(49): Illuminate\Foundation\Application->run()
#24 {main}

Next exception 'ErrorException' with message 'Trying to get property of non-object (View: /wxt/websites/math/test/dptcms_base/app/views/admin/layouts/main.blade.php) (View: /wxt/websites/math/test/dptcms_base/app/views/admin/layouts/main.blade.php)' in /wxt/websites/math/test/dptcms_base/app/storage/views/84235868840f0591943e7044347526ea:95
Stack trace:
#0 /wxt/websites/math/test/dptcms_base/vendor/laravel/framework/src/Illuminate/View/Engines/PhpEngine.php(41): Illuminate\View\Engines\CompilerEngine->handleViewException(Object(ErrorException), 1)
#1 /wxt/websites/math/test/dptcms_base/vendor/laravel/framework/src/Illuminate/View/Engines/CompilerEngine.php(57): Illuminate\View\Engines\PhpEngine->evaluatePath('/wxt/websites/m...', Array)
#2 /wxt/websites/math/test/dptcms_base/vendor/laravel/framework/src/Illuminate/View/View.php(140): Illuminate\View\Engines\CompilerEngine->get('/wxt/websites/m...', Array)
#3 /wxt/websites/math/test/dptcms_base/vendor/laravel/framework/src/Illuminate/View/View.php(109): Illuminate\View\View->getContents()
#4 /wxt/websites/math/test/dptcms_base/vendor/laravel/framework/src/Illuminate/View/View.php(78): Illuminate\View\View->renderContents()
#5 /wxt/websites/math/test/dptcms_base/vendor/laravel/framework/src/Illuminate/Http/Response.php(43): Illuminate\View\View->render()
#6 /wxt/websites/math/test/dptcms_base/vendor/symfony/http-foundation/Response.php(202): Illuminate\Http\Response->setContent(Object(Illuminate\View\View))
#7 /wxt/websites/math/test/dptcms_base/vendor/laravel/framework/src/Illuminate/Routing/Router.php(1501): Symfony\Component\HttpFoundation\Response->__construct(Object(Illuminate\View\View))
#8 /wxt/websites/math/test/dptcms_base/vendor/laravel/framework/src/Illuminate/Routing/Router.php(1036): Illuminate\Routing\Router->prepareResponse(Object(Illuminate\Http\Request), Object(Illuminate\View\View))
#9 /wxt/websites/math/test/dptcms_base/vendor/laravel/framework/src/Illuminate/Routing/Router.php(1001): Illuminate\Routing\Router->dispatchToRoute(Object(Illuminate\Http\Request))
#10 /wxt/websites/math/test/dptcms_base/vendor/laravel/framework/src/Illuminate/Foundation/Application.php(781): Illuminate\Routing\Router->dispatch(Object(Illuminate\Http\Request))
#11 /wxt/websites/math/test/dptcms_base/vendor/laravel/framework/src/Illuminate/Foundation/Application.php(745): Illuminate\Foundation\Application->dispatch(Object(Illuminate\Http\Request))
#12 /wxt/websites/math/test/dptcms_base/vendor/laravel/framework/src/Illuminate/Session/Middleware.php(72): Illuminate\Foundation\Application->handle(Object(Illuminate\Http\Request), 1, true)
#13 /wxt/websites/math/test/dptcms_base/vendor/laravel/framework/src/Illuminate/Cookie/Queue.php(47): Illuminate\Session\Middleware->handle(Object(Illuminate\Http\Request), 1, true)
#14 /wxt/websites/math/test/dptcms_base/vendor/laravel/framework/src/Illuminate/Cookie/Guard.php(51): Illuminate\Cookie\Queue->handle(Object(Illuminate\Http\Request), 1, true)
#15 /wxt/websites/math/test/dptcms_base/vendor/stack/builder/src/Stack/StackedHttpKernel.php(23): Illuminate\Cookie\Guard->handle(Object(Illuminate\Http\Request), 1, true)
#16 /wxt/websites/math/test/dptcms_base/vendor/laravel/framework/src/Illuminate/Foundation/Application.php(641): Stack\StackedHttpKernel->handle(Object(Illuminate\Http\Request))
#17 /wxt/websites/math/test/index.php(49): Illuminate\Foundation\Application->run()
#18 {main} [] []
[2017-09-26 04:40:08] production.ERROR: exception 'ErrorException' with message 'Trying to get property of non-object' in /wxt/websites/math/test/dptcms_base/app/storage/views/84235868840f0591943e7044347526ea:95
Stack trace:
#0 /wxt/websites/math/test/dptcms_base/app/storage/views/84235868840f0591943e7044347526ea(95): Illuminate\Exception\Handler->handleError(8, 'Trying to get p...', '/wxt/websites/m...', 95, Array)
#1 /wxt/websites/math/test/dptcms_base/vendor/laravel/framework/src/Illuminate/View/Engines/PhpEngine.php(37): include('/wxt/websites/m...')
#2 /wxt/websites/math/test/dptcms_base/vendor/laravel/framework/src/Illuminate/View/Engines/CompilerEngine.php(57): Illuminate\View\Engines\PhpEngine->evaluatePath('/wxt/websites/m...', Array)
#3 /wxt/websites/math/test/dptcms_base/vendor/laravel/framework/src/Illuminate/View/View.php(140): Illuminate\View\Engines\CompilerEngine->get('/wxt/websites/m...', Array)
#4 /wxt/websites/math/test/dptcms_base/vendor/laravel/framework/src/Illuminate/View/View.php(109): Illuminate\View\View->getContents()
#5 /wxt/websites/math/test/dptcms_base/vendor/laravel/framework/src/Illuminate/View/View.php(78): Illuminate\View\View->renderContents()
#6 /wxt/websites/math/test/dptcms_base/app/storage/views/c149a1cdd2ba04348b6eb0bd260fa0c0(47): Illuminate\View\View->render()
#7 /wxt/websites/math/test/dptcms_base/vendor/laravel/framework/src/Illuminate/View/Engines/PhpEngine.php(37): include('/wxt/websites/m...')
#8 /wxt/websites/math/test/dptcms_base/vendor/laravel/framework/src/Illuminate/View/Engines/CompilerEngine.php(57): Illuminate\View\Engines\PhpEngine->evaluatePath('/wxt/websites/m...', Array)
#9 /wxt/websites/math/test/dptcms_base/vendor/laravel/framework/src/Illuminate/View/View.php(140): Illuminate\View\Engines\CompilerEngine->get('/wxt/websites/m...', Array)
#10 /wxt/websites/math/test/dptcms_base/vendor/laravel/framework/src/Illuminate/View/View.php(109): Illuminate\View\View->getContents()
#11 /wxt/websites/math/test/dptcms_base/vendor/laravel/framework/src/Illuminate/View/View.php(78): Illuminate\View\View->renderContents()
#12 /wxt/websites/math/test/dptcms_base/vendor/laravel/framework/src/Illuminate/Http/Response.php(43): Illuminate\View\View->render()
#13 /wxt/websites/math/test/dptcms_base/vendor/symfony/http-foundation/Response.php(202): Illuminate\Http\Response->setContent(Object(Illuminate\View\View))
#14 /wxt/websites/math/test/dptcms_base/vendor/laravel/framework/src/Illuminate/Routing/Router.php(1501): Symfony\Component\HttpFoundation\Response->__construct(Object(Illuminate\View\View))
#15 /wxt/websites/math/test/dptcms_base/vendor/laravel/framework/src/Illuminate/Routing/Router.php(1036): Illuminate\Routing\Router->prepareResponse(Object(Illuminate\Http\Request), Object(Illuminate\View\View))
#16 /wxt/websites/math/test/dptcms_base/vendor/laravel/framework/src/Illuminate/Routing/Router.php(1001): Illuminate\Routing\Router->dispatchToRoute(Object(Illuminate\Http\Request))
#17 /wxt/websites/math/test/dptcms_base/vendor/laravel/framework/src/Illuminate/Foundation/Application.php(781): Illuminate\Routing\Router->dispatch(Object(Illuminate\Http\Request))
#18 /wxt/websites/math/test/dptcms_base/vendor/laravel/framework/src/Illuminate/Foundation/Application.php(745): Illuminate\Foundation\Application->dispatch(Object(Illuminate\Http\Request))
#19 /wxt/websites/math/test/dptcms_base/vendor/laravel/framework/src/Illuminate/Session/Middleware.php(72): Illuminate\Foundation\Application->handle(Object(Illuminate\Http\Request), 1, true)
#20 /wxt/websites/math/test/dptcms_base/vendor/laravel/framework/src/Illuminate/Cookie/Queue.php(47): Illuminate\Session\Middleware->handle(Object(Illuminate\Http\Request), 1, true)
#21 /wxt/websites/math/test/dptcms_base/vendor/laravel/framework/src/Illuminate/Cookie/Guard.php(51): Illuminate\Cookie\Queue->handle(Object(Illuminate\Http\Request), 1, true)
#22 /wxt/websites/math/test/dptcms_base/vendor/stack/builder/src/Stack/StackedHttpKernel.php(23): Illuminate\Cookie\Guard->handle(Object(Illuminate\Http\Request), 1, true)
#23 /wxt/websites/math/test/dptcms_base/vendor/laravel/framework/src/Illuminate/Foundation/Application.php(641): Stack\StackedHttpKernel->handle(Object(Illuminate\Http\Request))
#24 /wxt/websites/math/test/index.php(49): Illuminate\Foundation\Application->run()
#25 {main}

Next exception 'ErrorException' with message 'Trying to get property of non-object (View: /wxt/websites/math/test/dptcms_base/app/views/admin/layouts/main.blade.php)' in /wxt/websites/math/test/dptcms_base/app/storage/views/84235868840f0591943e7044347526ea:95
Stack trace:
#0 /wxt/websites/math/test/dptcms_base/vendor/laravel/framework/src/Illuminate/View/Engines/PhpEngine.php(41): Illuminate\View\Engines\CompilerEngine->handleViewException(Object(ErrorException), 1)
#1 /wxt/websites/math/test/dptcms_base/vendor/laravel/framework/src/Illuminate/View/Engines/CompilerEngine.php(57): Illuminate\View\Engines\PhpEngine->evaluatePath('/wxt/websites/m...', Array)
#2 /wxt/websites/math/test/dptcms_base/vendor/laravel/framework/src/Illuminate/View/View.php(140): Illuminate\View\Engines\CompilerEngine->get('/wxt/websites/m...', Array)
#3 /wxt/websites/math/test/dptcms_base/vendor/laravel/framework/src/Illuminate/View/View.php(109): Illuminate\View\View->getContents()
#4 /wxt/websites/math/test/dptcms_base/vendor/laravel/framework/src/Illuminate/View/View.php(78): Illuminate\View\View->renderContents()
#5 /wxt/websites/math/test/dptcms_base/app/storage/views/c149a1cdd2ba04348b6eb0bd260fa0c0(47): Illuminate\View\View->render()
#6 /wxt/websites/math/test/dptcms_base/vendor/laravel/framework/src/Illuminate/View/Engines/PhpEngine.php(37): include('/wxt/websites/m...')
#7 /wxt/websites/math/test/dptcms_base/vendor/laravel/framework/src/Illuminate/View/Engines/CompilerEngine.php(57): Illuminate\View\Engines\PhpEngine->evaluatePath('/wxt/websites/m...', Array)
#8 /wxt/websites/math/test/dptcms_base/vendor/laravel/framework/src/Illuminate/View/View.php(140): Illuminate\View\Engines\CompilerEngine->get('/wxt/websites/m...', Array)
#9 /wxt/websites/math/test/dptcms_base/vendor/laravel/framework/src/Illuminate/View/View.php(109): Illuminate\View\View->getContents()
#10 /wxt/websites/math/test/dptcms_base/vendor/laravel/framework/src/Illuminate/View/View.php(78): Illuminate\View\View->renderContents()
#11 /wxt/websites/math/test/dptcms_base/vendor/laravel/framework/src/Illuminate/Http/Response.php(43): Illuminate\View\View->render()
#12 /wxt/websites/math/test/dptcms_base/vendor/symfony/http-foundation/Response.php(202): Illuminate\Http\Response->setContent(Object(Illuminate\View\View))
#13 /wxt/websites/math/test/dptcms_base/vendor/laravel/framework/src/Illuminate/Routing/Router.php(1501): Symfony\Component\HttpFoundation\Response->__construct(Object(Illuminate\View\View))
#14 /wxt/websites/math/test/dptcms_base/vendor/laravel/framework/src/Illuminate/Routing/Router.php(1036): Illuminate\Routing\Router->prepareResponse(Object(Illuminate\Http\Request), Object(Illuminate\View\View))
#15 /wxt/websites/math/test/dptcms_base/vendor/laravel/framework/src/Illuminate/Routing/Router.php(1001): Illuminate\Routing\Router->dispatchToRoute(Object(Illuminate\Http\Request))
#16 /wxt/websites/math/test/dptcms_base/vendor/laravel/framework/src/Illuminate/Foundation/Application.php(781): Illuminate\Routing\Router->dispatch(Object(Illuminate\Http\Request))
#17 /wxt/websites/math/test/dptcms_base/vendor/laravel/framework/src/Illuminate/Foundation/Application.php(745): Illuminate\Foundation\Application->dispatch(Object(Illuminate\Http\Request))
#18 /wxt/websites/math/test/dptcms_base/vendor/laravel/framework/src/Illuminate/Session/Middleware.php(72): Illuminate\Foundation\Application->handle(Object(Illuminate\Http\Request), 1, true)
#19 /wxt/websites/math/test/dptcms_base/vendor/laravel/framework/src/Illuminate/Cookie/Queue.php(47): Illuminate\Session\Middleware->handle(Object(Illuminate\Http\Request), 1, true)
#20 /wxt/websites/math/test/dptcms_base/vendor/laravel/framework/src/Illuminate/Cookie/Guard.php(51): Illuminate\Cookie\Queue->handle(Object(Illuminate\Http\Request), 1, true)
#21 /wxt/websites/math/test/dptcms_base/vendor/stack/builder/src/Stack/StackedHttpKernel.php(23): Illuminate\Cookie\Guard->handle(Object(Illuminate\Http\Request), 1, true)
#22 /wxt/websites/math/test/dptcms_base/vendor/laravel/framework/src/Illuminate/Foundation/Application.php(641): Stack\StackedHttpKernel->handle(Object(Illuminate\Http\Request))
#23 /wxt/websites/math/test/index.php(49): Illuminate\Foundation\Application->run()
#24 {main}

Next exception 'ErrorException' with message 'Trying to get property of non-object (View: /wxt/websites/math/test/dptcms_base/app/views/admin/layouts/main.blade.php) (View: /wxt/websites/math/test/dptcms_base/app/views/admin/layouts/main.blade.php)' in /wxt/websites/math/test/dptcms_base/app/storage/views/84235868840f0591943e7044347526ea:95
Stack trace:
#0 /wxt/websites/math/test/dptcms_base/vendor/laravel/framework/src/Illuminate/View/Engines/PhpEngine.php(41): Illuminate\View\Engines\CompilerEngine->handleViewException(Object(ErrorException), 1)
#1 /wxt/websites/math/test/dptcms_base/vendor/laravel/framework/src/Illuminate/View/Engines/CompilerEngine.php(57): Illuminate\View\Engines\PhpEngine->evaluatePath('/wxt/websites/m...', Array)
#2 /wxt/websites/math/test/dptcms_base/vendor/laravel/framework/src/Illuminate/View/View.php(140): Illuminate\View\Engines\CompilerEngine->get('/wxt/websites/m...', Array)
#3 /wxt/websites/math/test/dptcms_base/vendor/laravel/framework/src/Illuminate/View/View.php(109): Illuminate\View\View->getContents()
#4 /wxt/websites/math/test/dptcms_base/vendor/laravel/framework/src/Illuminate/View/View.php(78): Illuminate\View\View->renderContents()
#5 /wxt/websites/math/test/dptcms_base/vendor/laravel/framework/src/Illuminate/Http/Response.php(43): Illuminate\View\View->render()
#6 /wxt/websites/math/test/dptcms_base/vendor/symfony/http-foundation/Response.php(202): Illuminate\Http\Response->setContent(Object(Illuminate\View\View))
#7 /wxt/websites/math/test/dptcms_base/vendor/laravel/framework/src/Illuminate/Routing/Router.php(1501): Symfony\Component\HttpFoundation\Response->__construct(Object(Illuminate\View\View))
#8 /wxt/websites/math/test/dptcms_base/vendor/laravel/framework/src/Illuminate/Routing/Router.php(1036): Illuminate\Routing\Router->prepareResponse(Object(Illuminate\Http\Request), Object(Illuminate\View\View))
#9 /wxt/websites/math/test/dptcms_base/vendor/laravel/framework/src/Illuminate/Routing/Router.php(1001): Illuminate\Routing\Router->dispatchToRoute(Object(Illuminate\Http\Request))
#10 /wxt/websites/math/test/dptcms_base/vendor/laravel/framework/src/Illuminate/Foundation/Application.php(781): Illuminate\Routing\Router->dispatch(Object(Illuminate\Http\Request))
#11 /wxt/websites/math/test/dptcms_base/vendor/laravel/framework/src/Illuminate/Foundation/Application.php(745): Illuminate\Foundation\Application->dispatch(Object(Illuminate\Http\Request))
#12 /wxt/websites/math/test/dptcms_base/vendor/laravel/framework/src/Illuminate/Session/Middleware.php(72): Illuminate\Foundation\Application->handle(Object(Illuminate\Http\Request), 1, true)
#13 /wxt/websites/math/test/dptcms_base/vendor/laravel/framework/src/Illuminate/Cookie/Queue.php(47): Illuminate\Session\Middleware->handle(Object(Illuminate\Http\Request), 1, true)
#14 /wxt/websites/math/test/dptcms_base/vendor/laravel/framework/src/Illuminate/Cookie/Guard.php(51): Illuminate\Cookie\Queue->handle(Object(Illuminate\Http\Request), 1, true)
#15 /wxt/websites/math/test/dptcms_base/vendor/stack/builder/src/Stack/StackedHttpKernel.php(23): Illuminate\Cookie\Guard->handle(Object(Illuminate\Http\Request), 1, true)
#16 /wxt/websites/math/test/dptcms_base/vendor/laravel/framework/src/Illuminate/Foundation/Application.php(641): Stack\StackedHttpKernel->handle(Object(Illuminate\Http\Request))
#17 /wxt/websites/math/test/index.php(49): Illuminate\Foundation\Application->run()
#18 {main} [] []
