[2017-09-06 05:47:55] production.ERROR: exception 'Symfony\Component\Debug\Exception\FatalErrorException' with message 'Call to a member function delete() on a non-object' in /wxt/websites/math/test/dptcms_base/app/controllers/ProgramController.php:370
Stack trace:
#0 [internal function]: Illuminate\Exception\Handler->handleShutdown()
#1 {main} [] []
[2017-09-06 09:03:52] production.ERROR: exception 'ErrorException' with message 'Undefined index: year' in /wxt/websites/math/test/dptcms_base/app/controllers/ProgramController.php:481
Stack trace:
#0 /wxt/websites/math/test/dptcms_base/app/controllers/ProgramController.php(481): Illuminate\Exception\Handler->handleError(8, 'Undefined index...', '/wxt/websites/m...', 481, Array)
#1 [internal function]: ProgramController->getSyllabus('1')
#2 /wxt/websites/math/test/dptcms_base/vendor/laravel/framework/src/Illuminate/Routing/Controller.php(231): call_user_func_array(Array, Array)
#3 /wxt/websites/math/test/dptcms_base/vendor/laravel/framework/src/Illuminate/Routing/ControllerDispatcher.php(93): Illuminate\Routing\Controller->callAction('getSyllabus', Array)
#4 /wxt/websites/math/test/dptcms_base/vendor/laravel/framework/src/Illuminate/Routing/ControllerDispatcher.php(62): Illuminate\Routing\ControllerDispatcher->call(Object(ProgramController), Object(Illuminate\Routing\Route), 'getSyllabus')
#5 /wxt/websites/math/test/dptcms_base/vendor/laravel/framework/src/Illuminate/Routing/Router.php(967): Illuminate\Routing\ControllerDispatcher->dispatch(Object(Illuminate\Routing\Route), Object(Illuminate\Http\Request), 'ProgramControll...', 'getSyllabus')
#6 [internal function]: Illuminate\Routing\Router->Illuminate\Routing\{closure}('1')
#7 /wxt/websites/math/test/dptcms_base/vendor/laravel/framework/src/Illuminate/Routing/Route.php(109): call_user_func_array(Object(Closure), Array)
#8 /wxt/websites/math/test/dptcms_base/vendor/laravel/framework/src/Illuminate/Routing/Router.php(1033): Illuminate\Routing\Route->run(Object(Illuminate\Http\Request))
#9 /wxt/websites/math/test/dptcms_base/vendor/laravel/framework/src/Illuminate/Routing/Router.php(1001): Illuminate\Routing\Router->dispatchToRoute(Object(Illuminate\Http\Request))
#10 /wxt/websites/math/test/dptcms_base/vendor/laravel/framework/src/Illuminate/Foundation/Application.php(781): Illuminate\Routing\Router->dispatch(Object(Illuminate\Http\Request))
#11 /wxt/websites/math/test/dptcms_base/vendor/laravel/framework/src/Illuminate/Foundation/Application.php(745): Illuminate\Foundation\Application->dispatch(Object(Illuminate\Http\Request))
#12 /wxt/websites/math/test/dptcms_base/vendor/laravel/framework/src/Illuminate/Session/Middleware.php(72): Illuminate\Foundation\Application->handle(Object(Illuminate\Http\Request), 1, true)
#13 /wxt/websites/math/test/dptcms_base/vendor/laravel/framework/src/Illuminate/Cookie/Queue.php(47): Illuminate\Session\Middleware->handle(Object(Illuminate\Http\Request), 1, true)
#14 /wxt/websites/math/test/dptcms_base/vendor/laravel/framework/src/Illuminate/Cookie/Guard.php(51): Illuminate\Cookie\Queue->handle(Object(Illuminate\Http\Request), 1, true)
#15 /wxt/websites/math/test/dptcms_base/vendor/stack/builder/src/Stack/StackedHttpKernel.php(23): Illuminate\Cookie\Guard->handle(Object(Illuminate\Http\Request), 1, true)
#16 /wxt/websites/math/test/dptcms_base/vendor/laravel/framework/src/Illuminate/Foundation/Application.php(641): Stack\StackedHttpKernel->handle(Object(Illuminate\Http\Request))
#17 /wxt/websites/math/test/index.php(49): Illuminate\Foundation\Application->run()
#18 {main} [] []
[2017-09-06 09:03:56] production.ERROR: exception 'ErrorException' with message 'Undefined index: year' in /wxt/websites/math/test/dptcms_base/app/controllers/ProgramController.php:481
Stack trace:
#0 /wxt/websites/math/test/dptcms_base/app/controllers/ProgramController.php(481): Illuminate\Exception\Handler->handleError(8, 'Undefined index...', '/wxt/websites/m...', 481, Array)
#1 [internal function]: ProgramController->getSyllabus('1')
#2 /wxt/websites/math/test/dptcms_base/vendor/laravel/framework/src/Illuminate/Routing/Controller.php(231): call_user_func_array(Array, Array)
#3 /wxt/websites/math/test/dptcms_base/vendor/laravel/framework/src/Illuminate/Routing/ControllerDispatcher.php(93): Illuminate\Routing\Controller->callAction('getSyllabus', Array)
#4 /wxt/websites/math/test/dptcms_base/vendor/laravel/framework/src/Illuminate/Routing/ControllerDispatcher.php(62): Illuminate\Routing\ControllerDispatcher->call(Object(ProgramController), Object(Illuminate\Routing\Route), 'getSyllabus')
#5 /wxt/websites/math/test/dptcms_base/vendor/laravel/framework/src/Illuminate/Routing/Router.php(967): Illuminate\Routing\ControllerDispatcher->dispatch(Object(Illuminate\Routing\Route), Object(Illuminate\Http\Request), 'ProgramControll...', 'getSyllabus')
#6 [internal function]: Illuminate\Routing\Router->Illuminate\Routing\{closure}('1')
#7 /wxt/websites/math/test/dptcms_base/vendor/laravel/framework/src/Illuminate/Routing/Route.php(109): call_user_func_array(Object(Closure), Array)
#8 /wxt/websites/math/test/dptcms_base/vendor/laravel/framework/src/Illuminate/Routing/Router.php(1033): Illuminate\Routing\Route->run(Object(Illuminate\Http\Request))
#9 /wxt/websites/math/test/dptcms_base/vendor/laravel/framework/src/Illuminate/Routing/Router.php(1001): Illuminate\Routing\Router->dispatchToRoute(Object(Illuminate\Http\Request))
#10 /wxt/websites/math/test/dptcms_base/vendor/laravel/framework/src/Illuminate/Foundation/Application.php(781): Illuminate\Routing\Router->dispatch(Object(Illuminate\Http\Request))
#11 /wxt/websites/math/test/dptcms_base/vendor/laravel/framework/src/Illuminate/Foundation/Application.php(745): Illuminate\Foundation\Application->dispatch(Object(Illuminate\Http\Request))
#12 /wxt/websites/math/test/dptcms_base/vendor/laravel/framework/src/Illuminate/Session/Middleware.php(72): Illuminate\Foundation\Application->handle(Object(Illuminate\Http\Request), 1, true)
#13 /wxt/websites/math/test/dptcms_base/vendor/laravel/framework/src/Illuminate/Cookie/Queue.php(47): Illuminate\Session\Middleware->handle(Object(Illuminate\Http\Request), 1, true)
#14 /wxt/websites/math/test/dptcms_base/vendor/laravel/framework/src/Illuminate/Cookie/Guard.php(51): Illuminate\Cookie\Queue->handle(Object(Illuminate\Http\Request), 1, true)
#15 /wxt/websites/math/test/dptcms_base/vendor/stack/builder/src/Stack/StackedHttpKernel.php(23): Illuminate\Cookie\Guard->handle(Object(Illuminate\Http\Request), 1, true)
#16 /wxt/websites/math/test/dptcms_base/vendor/laravel/framework/src/Illuminate/Foundation/Application.php(641): Stack\StackedHttpKernel->handle(Object(Illuminate\Http\Request))
#17 /wxt/websites/math/test/index.php(49): Illuminate\Foundation\Application->run()
#18 {main} [] []
